[ 2017-06-20T15:45:41+08:00 ] 192.168.10.158 /index.php/api/wechat/authUser?code=051V4vq30qmwwE10Ncq30DJoq30V4vqo
INFO: [ app_begin ] --START--
INFO: Run Behavior\ReadHtmlCacheBehavior [ RunTime:0.001000s ]
INFO: Run Behavior\CheckLangBehavior [ RunTime:0.002000s ]
INFO: Run Common\Behavior\UrldecodeGetBehavior [ RunTime:0.000000s ]
INFO: [ app_begin ] --END-- [ RunTime:0.005000s ]
SQL: SHOW COLUMNS FROM `cmf_act_users` [ RunTime:0.0010s ]
NOTIC: [8] Undefined index: referer D:\www\activity\application\Common\Model\ActUsersModel.class.php 第 63 行.
SQL: SHOW COLUMNS FROM `cmf_act_users` [ RunTime:0.0000s ]
SQL: SELECT * FROM `cmf_act_users` WHERE `openid` = 'o5sOQ1aVdCTqW6wXRdufaCsLgnuk' LIMIT 1   [ RunTime:0.0000s ]
NOTIC: [8] Undefined index: id D:\www\activity\application\Common\Model\ActUsersModel.class.php 第 69 行.
SQL: SHOW COLUMNS FROM `cmf_act_users` [ RunTime:0.0000s ]
SQL: UPDATE `cmf_act_users` SET `openid`='o5sOQ1aVdCTqW6wXRdufaCsLgnuk',`nickname`='不改名字了',`sex`='1',`language`='zh_CN',`city`='焦作',`province`='河南',`country`='中国',`headimgurl`='http://wx.qlogo.cn/mmopen/JicpJkiap6g44DtytNL8CxfhXOLc1sUQOtfdTYd7ibiaJQ66vee1H700ibSiaXafUyYgic8tafibTf1y5o5rgtpV1a0VfPVrml7ic8pib9/0',`subscribe`='1',`subscribe_time`='1496745627',`remark`='',`groupid`='0',`referer`=NULL,`create_time`='2017-06-20 15:45:41' [ RunTime:0.0000s ]
NOTIC: [8] Undefined index: url D:\www\activity\application\Common\Controller\AppframeController.class.php 第 22 行.

[ 2017-06-20T15:49:08+08:00 ] 192.168.10.158 /index.php/api/wechat/authUser?code=001gu8mj2YpfkI0VxOpj20Cvmj2gu8my
INFO: [ app_begin ] --START--
INFO: Run Behavior\ReadHtmlCacheBehavior [ RunTime:0.001000s ]
INFO: Run Behavior\CheckLangBehavior [ RunTime:0.001000s ]
INFO: Run Common\Behavior\UrldecodeGetBehavior [ RunTime:0.000000s ]
INFO: [ app_begin ] --END-- [ RunTime:0.002000s ]
SQL: SHOW COLUMNS FROM `cmf_act_users` [ RunTime:0.0010s ]
NOTIC: [8] Undefined index: referer D:\www\activity\application\Common\Model\ActUsersModel.class.php 第 63 行.
SQL: SHOW COLUMNS FROM `cmf_act_users` [ RunTime:0.0010s ]
SQL: SELECT * FROM `cmf_act_users` WHERE `openid` = 'o5sOQ1aVdCTqW6wXRdufaCsLgnuk' LIMIT 1   [ RunTime:0.0010s ]
NOTIC: [8] Undefined index: id D:\www\activity\application\Common\Model\ActUsersModel.class.php 第 69 行.
SQL: SHOW COLUMNS FROM `cmf_act_users` [ RunTime:0.0010s ]
SQL: UPDATE `cmf_act_users` SET `openid`='o5sOQ1aVdCTqW6wXRdufaCsLgnuk',`nickname`='不改名字了',`sex`='1',`language`='zh_CN',`city`='焦作',`province`='河南',`country`='中国',`headimgurl`='http://wx.qlogo.cn/mmopen/JicpJkiap6g44DtytNL8CxfhXOLc1sUQOtfdTYd7ibiaJQ66vee1H700ibSiaXafUyYgic8tafibTf1y5o5rgtpV1a0VfPVrml7ic8pib9/0',`subscribe`='1',`subscribe_time`='1496745627',`remark`='',`groupid`='0',`referer`=NULL,`create_time`='2017-06-20 15:49:08' [ RunTime:0.0010s ]
NOTIC: [8] Undefined index: url D:\www\activity\application\Common\Controller\AppframeController.class.php 第 22 行.

[ 2017-06-20T15:52:50+08:00 ] 192.168.10.158 /index.php/api/wechat/authUser?code=061Wt5bk253F4J0DDk8k2HN3bk2Wt5b1
INFO: [ app_begin ] --START--
INFO: Run Behavior\ReadHtmlCacheBehavior [ RunTime:0.000000s ]
INFO: Run Behavior\CheckLangBehavior [ RunTime:0.001000s ]
INFO: Run Common\Behavior\UrldecodeGetBehavior [ RunTime:0.000000s ]
INFO: [ app_begin ] --END-- [ RunTime:0.003000s ]
SQL: SHOW COLUMNS FROM `cmf_act_users` [ RunTime:0.0010s ]
NOTIC: [8] Undefined index: referer D:\www\activity\application\Common\Model\ActUsersModel.class.php 第 63 行.
SQL: SHOW COLUMNS FROM `cmf_act_users` [ RunTime:0.0020s ]
SQL: SELECT * FROM `cmf_act_users` WHERE `openid` = 'o5sOQ1aVdCTqW6wXRdufaCsLgnuk' LIMIT 1   [ RunTime:0.0010s ]
NOTIC: [8] Undefined index: id D:\www\activity\application\Common\Model\ActUsersModel.class.php 第 69 行.
SQL: SHOW COLUMNS FROM `cmf_act_users` [ RunTime:0.0010s ]
SQL: UPDATE `cmf_act_users` SET `openid`='o5sOQ1aVdCTqW6wXRdufaCsLgnuk',`nickname`='不改名字了',`sex`='1',`language`='zh_CN',`city`='焦作',`province`='河南',`country`='中国',`headimgurl`='http://wx.qlogo.cn/mmopen/JicpJkiap6g44DtytNL8CxfhXOLc1sUQOtfdTYd7ibiaJQ66vee1H700ibSiaXafUyYgic8tafibTf1y5o5rgtpV1a0VfPVrml7ic8pib9/0',`subscribe`='1',`subscribe_time`='1496745627',`remark`='',`groupid`='0',`referer`=NULL,`create_time`='2017-06-20 15:52:49' [ RunTime:0.0020s ]
NOTIC: [8] Undefined index: url D:\www\activity\application\Common\Controller\AppframeController.class.php 第 22 行.

[ 2017-06-20T15:53:43+08:00 ] 192.168.10.158 /index.php/api/wechat/authUser?code=051APQIL06dlR62PXcJL0z1bJL0APQIX
INFO: [ app_begin ] --START--
INFO: Run Behavior\ReadHtmlCacheBehavior [ RunTime:0.001000s ]
INFO: Run Behavior\CheckLangBehavior [ RunTime:0.001000s ]
INFO: Run Common\Behavior\UrldecodeGetBehavior [ RunTime:0.000000s ]
INFO: [ app_begin ] --END-- [ RunTime:0.002000s ]
SQL: SHOW COLUMNS FROM `cmf_act_users` [ RunTime:0.0000s ]
NOTIC: [8] Undefined index: referer D:\www\activity\application\Common\Model\ActUsersModel.class.php 第 63 行.
SQL: SHOW COLUMNS FROM `cmf_act_users` [ RunTime:0.0000s ]
SQL: SELECT * FROM `cmf_act_users` WHERE `openid` = 'o5sOQ1aVdCTqW6wXRdufaCsLgnuk' LIMIT 1   [ RunTime:0.0000s ]
NOTIC: [8] Undefined index: id D:\www\activity\application\Common\Model\ActUsersModel.class.php 第 69 行.
SQL: SHOW COLUMNS FROM `cmf_act_users` [ RunTime:0.0010s ]
SQL: UPDATE `cmf_act_users` SET `openid`='o5sOQ1aVdCTqW6wXRdufaCsLgnuk',`nickname`='不改名字了',`sex`='1',`language`='zh_CN',`city`='焦作',`province`='河南',`country`='中国',`headimgurl`='http://wx.qlogo.cn/mmopen/JicpJkiap6g44DtytNL8CxfhXOLc1sUQOtfdTYd7ibiaJQ66vee1H700ibSiaXafUyYgic8tafibTf1y5o5rgtpV1a0VfPVrml7ic8pib9/0',`subscribe`='1',`subscribe_time`='1496745627',`remark`='',`groupid`='0',`referer`=NULL,`create_time`='2017-06-20 15:53:43' [ RunTime:0.0000s ]
NOTIC: [8] Undefined index: url D:\www\activity\application\Common\Controller\AppframeController.class.php 第 22 行.

[ 2017-06-20T16:02:43+08:00 ] 192.168.10.158 /index.php/api/wechat/authUser?code=031mzlJD0P7Wsg2GkJFD06QBJD0mzlJW
INFO: [ app_begin ] --START--
INFO: Run Behavior\ReadHtmlCacheBehavior [ RunTime:0.001000s ]
INFO: Run Behavior\CheckLangBehavior [ RunTime:0.002000s ]
INFO: Run Common\Behavior\UrldecodeGetBehavior [ RunTime:0.000000s ]
INFO: [ app_begin ] --END-- [ RunTime:0.003000s ]
SQL: SHOW COLUMNS FROM `cmf_act_users` [ RunTime:0.0000s ]
NOTIC: [8] Undefined index: referer D:\www\activity\application\Common\Model\ActUsersModel.class.php 第 63 行.
SQL: SHOW COLUMNS FROM `cmf_act_users` [ RunTime:0.0010s ]
SQL: SELECT * FROM `cmf_act_users` WHERE `openid` = 'o5sOQ1aVdCTqW6wXRdufaCsLgnuk' LIMIT 1   [ RunTime:0.0010s ]
NOTIC: [8] Undefined index: id D:\www\activity\application\Common\Model\ActUsersModel.class.php 第 69 行.
SQL: SHOW COLUMNS FROM `cmf_act_users` [ RunTime:0.0010s ]
SQL: UPDATE `cmf_act_users` SET `openid`='o5sOQ1aVdCTqW6wXRdufaCsLgnuk',`nickname`='不改名字了',`sex`='1',`language`='zh_CN',`city`='焦作',`province`='河南',`country`='中国',`headimgurl`='http://wx.qlogo.cn/mmopen/JicpJkiap6g44DtytNL8CxfhXOLc1sUQOtfdTYd7ibiaJQ66vee1H700ibSiaXafUyYgic8tafibTf1y5o5rgtpV1a0VfPVrml7ic8pib9/0',`subscribe`='1',`subscribe_time`='1496745627',`remark`='',`groupid`='0',`referer`=NULL,`create_time`='2017-06-20 16:02:43' [ RunTime:0.0010s ]
NOTIC: [8] Undefined index: url D:\www\activity\application\Common\Controller\AppframeController.class.php 第 22 行.

[ 2017-06-20T16:04:02+08:00 ] 192.168.10.158 /index.php/api/wechat/authUser?code=071px1UT0j88BU1404ST04e9UT0px1Ul
INFO: [ app_begin ] --START--
INFO: Run Behavior\ReadHtmlCacheBehavior [ RunTime:0.001000s ]
INFO: Run Behavior\CheckLangBehavior [ RunTime:0.002001s ]
INFO: Run Common\Behavior\UrldecodeGetBehavior [ RunTime:0.000000s ]
INFO: [ app_begin ] --END-- [ RunTime:0.004001s ]
SQL: SHOW COLUMNS FROM `cmf_act_users` [ RunTime:0.0000s ]
NOTIC: [8] Undefined index: referer D:\www\activity\application\Common\Model\ActUsersModel.class.php 第 63 行.
SQL: SHOW COLUMNS FROM `cmf_act_users` [ RunTime:0.0010s ]
SQL: SELECT * FROM `cmf_act_users` WHERE `openid` = 'o5sOQ1aVdCTqW6wXRdufaCsLgnuk' LIMIT 1   [ RunTime:0.0010s ]
NOTIC: [8] Undefined index: id D:\www\activity\application\Common\Model\ActUsersModel.class.php 第 69 行.
SQL: SHOW COLUMNS FROM `cmf_act_users` [ RunTime:0.0010s ]
SQL: UPDATE `cmf_act_users` SET `openid`='o5sOQ1aVdCTqW6wXRdufaCsLgnuk',`nickname`='不改名字了',`sex`='1',`language`='zh_CN',`city`='焦作',`province`='河南',`country`='中国',`headimgurl`='http://wx.qlogo.cn/mmopen/JicpJkiap6g44DtytNL8CxfhXOLc1sUQOtfdTYd7ibiaJQ66vee1H700ibSiaXafUyYgic8tafibTf1y5o5rgtpV1a0VfPVrml7ic8pib9/0',`subscribe`='1',`subscribe_time`='1496745627',`remark`='',`groupid`='0',`referer`=NULL,`create_time`='2017-06-20 16:04:02' [ RunTime:0.0010s ]
NOTIC: [8] Undefined index: url D:\www\activity\application\Common\Controller\AppframeController.class.php 第 22 行.

[ 2017-06-20T16:04:42+08:00 ] 192.168.10.158 /index.php/api/wechat/authUser?code=031XFW6u1tYXx90nTe9u1YoQ6u1XFW6m
INFO: [ app_begin ] --START--
INFO: Run Behavior\ReadHtmlCacheBehavior [ RunTime:0.000000s ]
INFO: Run Behavior\CheckLangBehavior [ RunTime:0.001000s ]
INFO: Run Common\Behavior\UrldecodeGetBehavior [ RunTime:0.001000s ]
INFO: [ app_begin ] --END-- [ RunTime:0.003000s ]
SQL: SHOW COLUMNS FROM `cmf_act_users` [ RunTime:0.0000s ]
NOTIC: [8] Undefined index: referer D:\www\activity\application\Common\Model\ActUsersModel.class.php 第 63 行.
SQL: SHOW COLUMNS FROM `cmf_act_users` [ RunTime:0.0010s ]
SQL: SELECT * FROM `cmf_act_users` WHERE `openid` = 'o5sOQ1aVdCTqW6wXRdufaCsLgnuk' LIMIT 1   [ RunTime:0.0000s ]
NOTIC: [8] Undefined index: id D:\www\activity\application\Common\Model\ActUsersModel.class.php 第 69 行.
SQL: SHOW COLUMNS FROM `cmf_act_users` [ RunTime:0.0000s ]
SQL: UPDATE `cmf_act_users` SET `openid`='o5sOQ1aVdCTqW6wXRdufaCsLgnuk',`nickname`='不改名字了',`sex`='1',`language`='zh_CN',`city`='焦作',`province`='河南',`country`='中国',`headimgurl`='http://wx.qlogo.cn/mmopen/JicpJkiap6g44DtytNL8CxfhXOLc1sUQOtfdTYd7ibiaJQ66vee1H700ibSiaXafUyYgic8tafibTf1y5o5rgtpV1a0VfPVrml7ic8pib9/0',`subscribe`='1',`subscribe_time`='1496745627',`remark`='',`groupid`='0',`referer`=NULL,`create_time`='2017-06-20 16:04:42' [ RunTime:0.0010s ]
NOTIC: [8] Undefined index: url D:\www\activity\application\Common\Controller\AppframeController.class.php 第 22 行.

[ 2017-06-20T16:06:50+08:00 ] 192.168.10.158 /index.php/api/wechat/authUser?code=031vCo3x1SU7uc0ijO1x19gZ2x1vCo35
INFO: [ app_begin ] --START--
INFO: Run Behavior\ReadHtmlCacheBehavior [ RunTime:0.000000s ]
INFO: Run Behavior\CheckLangBehavior [ RunTime:0.001000s ]
INFO: Run Common\Behavior\UrldecodeGetBehavior [ RunTime:0.000000s ]
INFO: [ app_begin ] --END-- [ RunTime:0.003000s ]
SQL: SHOW COLUMNS FROM `cmf_act_users` [ RunTime:0.0010s ]
NOTIC: [8] Undefined index: referer D:\www\activity\application\Common\Model\ActUsersModel.class.php 第 63 行.
SQL: SHOW COLUMNS FROM `cmf_act_users` [ RunTime:0.0020s ]
SQL: SELECT * FROM `cmf_act_users` WHERE `openid` = 'o5sOQ1aVdCTqW6wXRdufaCsLgnuk' LIMIT 1   [ RunTime:0.0010s ]
NOTIC: [8] Undefined index: id D:\www\activity\application\Common\Model\ActUsersModel.class.php 第 69 行.
SQL: SHOW COLUMNS FROM `cmf_act_users` [ RunTime:0.0020s ]
SQL: UPDATE `cmf_act_users` SET `openid`='o5sOQ1aVdCTqW6wXRdufaCsLgnuk',`nickname`='不改名字了',`sex`='1',`language`='zh_CN',`city`='焦作',`province`='河南',`country`='中国',`headimgurl`='http://wx.qlogo.cn/mmopen/JicpJkiap6g44DtytNL8CxfhXOLc1sUQOtfdTYd7ibiaJQ66vee1H700ibSiaXafUyYgic8tafibTf1y5o5rgtpV1a0VfPVrml7ic8pib9/0',`subscribe`='1',`subscribe_time`='1496745627',`remark`='',`groupid`='0',`referer`=NULL,`create_time`='2017-06-20 16:06:50' [ RunTime:0.0020s ]
NOTIC: [8] Undefined index: url D:\www\activity\application\Common\Controller\AppframeController.class.php 第 22 行.

[ 2017-06-20T16:14:12+08:00 ] 192.168.10.158 /index.php/api/wechat/authUser?code=021lvkdx0DN8ff15owdx0tafdx0lvkdH
INFO: [ app_begin ] --START--
INFO: Run Behavior\ReadHtmlCacheBehavior [ RunTime:0.001000s ]
INFO: Run Behavior\CheckLangBehavior [ RunTime:0.002000s ]
INFO: Run Common\Behavior\UrldecodeGetBehavior [ RunTime:0.000000s ]
INFO: [ app_begin ] --END-- [ RunTime:0.003000s ]
SQL: SHOW COLUMNS FROM `cmf_act_users` [ RunTime:0.0000s ]
NOTIC: [8] Undefined index: referer D:\www\activity\application\Common\Model\ActUsersModel.class.php 第 63 行.
SQL: SHOW COLUMNS FROM `cmf_act_users` [ RunTime:0.0010s ]
SQL: SELECT * FROM `cmf_act_users` WHERE `openid` = 'o5sOQ1aVdCTqW6wXRdufaCsLgnuk' LIMIT 1   [ RunTime:0.0010s ]
NOTIC: [8] Undefined index: id D:\www\activity\application\Common\Model\ActUsersModel.class.php 第 69 行.
SQL: SHOW COLUMNS FROM `cmf_act_users` [ RunTime:0.0010s ]
SQL: UPDATE `cmf_act_users` SET `openid`='o5sOQ1aVdCTqW6wXRdufaCsLgnuk',`nickname`='不改名字了',`sex`='1',`language`='zh_CN',`city`='焦作',`province`='河南',`country`='中国',`headimgurl`='http://wx.qlogo.cn/mmopen/JicpJkiap6g44DtytNL8CxfhXOLc1sUQOtfdTYd7ibiaJQ66vee1H700ibSiaXafUyYgic8tafibTf1y5o5rgtpV1a0VfPVrml7ic8pib9/0',`subscribe`='1',`subscribe_time`='1496745627',`remark`='',`groupid`='0',`referer`=NULL,`create_time`='2017-06-20 16:14:12' [ RunTime:0.0010s ]
NOTIC: [8] Undefined index: url D:\www\activity\application\Common\Controller\AppframeController.class.php 第 22 行.

[ 2017-06-20T16:37:44+08:00 ] 192.168.10.158 /index.php/api/wechat/authUser?code=021fF1At1s1hdb0PwbBt1wi3At1fF1AB
INFO: [ app_begin ] --START--
INFO: Run Behavior\ReadHtmlCacheBehavior [ RunTime:0.002000s ]
INFO: Run Behavior\CheckLangBehavior [ RunTime:0.001000s ]
INFO: Run Common\Behavior\UrldecodeGetBehavior [ RunTime:0.000000s ]
INFO: [ app_begin ] --END-- [ RunTime:0.004000s ]
SQL: SHOW COLUMNS FROM `cmf_act_users` [ RunTime:0.0000s ]
NOTIC: [8] Undefined index: referer D:\www\activity\application\Common\Model\ActUsersModel.class.php 第 63 行.
SQL: SHOW COLUMNS FROM `cmf_act_users` [ RunTime:0.0010s ]
SQL: SELECT * FROM `cmf_act_users` WHERE `openid` = 'o5sOQ1aVdCTqW6wXRdufaCsLgnuk' LIMIT 1   [ RunTime:0.0000s ]
NOTIC: [8] Undefined index: id D:\www\activity\application\Common\Model\ActUsersModel.class.php 第 70 行.
SQL: SHOW COLUMNS FROM `cmf_act_users` [ RunTime:0.0010s ]
SQL: UPDATE `cmf_act_users` SET `openid`='o5sOQ1aVdCTqW6wXRdufaCsLgnuk',`nickname`='不改名字了',`sex`='1',`language`='zh_CN',`city`='焦作',`province`='河南',`country`='中国',`headimgurl`='http://wx.qlogo.cn/mmopen/JicpJkiap6g44DtytNL8CxfhXOLc1sUQOtfdTYd7ibiaJQ66vee1H700ibSiaXafUyYgic8tafibTf1y5o5rgtpV1a0VfPVrml7ic8pib9/0',`subscribe`='1',`subscribe_time`='1496745627',`remark`='',`groupid`='0',`referer`=NULL,`create_time`='2017-06-20 16:37:44' [ RunTime:0.0010s ]
NOTIC: [8] Undefined index: url D:\www\activity\application\Common\Controller\AppframeController.class.php 第 22 行.

[ 2017-06-20T16:39:31+08:00 ] 192.168.10.158 /index.php/api/wechat/authUser?code=061PSrWU1127fU0GHAXU1ZapWU1PSrWK
INFO: [ app_begin ] --START--
INFO: Run Behavior\ReadHtmlCacheBehavior [ RunTime:0.001000s ]
INFO: Run Behavior\CheckLangBehavior [ RunTime:0.002000s ]
INFO: Run Common\Behavior\UrldecodeGetBehavior [ RunTime:0.001000s ]
INFO: [ app_begin ] --END-- [ RunTime:0.005000s ]
SQL: SHOW COLUMNS FROM `cmf_act_users` [ RunTime:0.0000s ]
NOTIC: [8] Undefined index: referer D:\www\activity\application\Common\Model\ActUsersModel.class.php 第 63 行.
SQL: SHOW COLUMNS FROM `cmf_act_users` [ RunTime:0.0010s ]
SQL: SELECT * FROM `cmf_act_users` WHERE `openid` = 'o5sOQ1aVdCTqW6wXRdufaCsLgnuk' LIMIT 1   [ RunTime:0.0010s ]
NOTIC: [8] Undefined index: id D:\www\activity\application\Common\Model\ActUsersModel.class.php 第 70 行.
SQL: SHOW COLUMNS FROM `cmf_act_users` [ RunTime:0.0010s ]
SQL: UPDATE `cmf_act_users` SET `openid`='o5sOQ1aVdCTqW6wXRdufaCsLgnuk',`nickname`='不改名字了',`sex`='1',`language`='zh_CN',`city`='焦作',`province`='河南',`country`='中国',`headimgurl`='http://wx.qlogo.cn/mmopen/JicpJkiap6g44DtytNL8CxfhXOLc1sUQOtfdTYd7ibiaJQ66vee1H700ibSiaXafUyYgic8tafibTf1y5o5rgtpV1a0VfPVrml7ic8pib9/0',`subscribe`='1',`subscribe_time`='1496745627',`remark`='',`groupid`='0',`referer`=NULL,`create_time`='2017-06-20 16:39:31' [ RunTime:0.0010s ]
NOTIC: [8] Undefined index: url D:\www\activity\application\Common\Controller\AppframeController.class.php 第 22 行.

[ 2017-06-20T16:59:49+08:00 ] 192.168.10.158 /index.php/api/wechat/authUser?code=041sPL571glikR1ccg771PbO571sPL59
INFO: [ app_begin ] --START--
INFO: Run Behavior\ReadHtmlCacheBehavior [ RunTime:0.001000s ]
INFO: Run Behavior\CheckLangBehavior [ RunTime:0.002000s ]
INFO: Run Common\Behavior\UrldecodeGetBehavior [ RunTime:0.001000s ]
INFO: [ app_begin ] --END-- [ RunTime:0.005000s ]
SQL: SHOW COLUMNS FROM `cmf_act_users` [ RunTime:0.0000s ]
NOTIC: [8] Undefined index: referer D:\www\activity\application\Common\Model\ActUsersModel.class.php 第 63 行.
SQL: SHOW COLUMNS FROM `cmf_act_users` [ RunTime:0.0020s ]
SQL: SELECT * FROM `cmf_act_users` WHERE `openid` = 'o5sOQ1aVdCTqW6wXRdufaCsLgnuk' LIMIT 1   [ RunTime:0.0010s ]
NOTIC: [8] Undefined index: id D:\www\activity\application\Common\Model\ActUsersModel.class.php 第 70 行.
SQL: SHOW COLUMNS FROM `cmf_act_users` [ RunTime:0.0010s ]
SQL: UPDATE `cmf_act_users` SET `openid`='o5sOQ1aVdCTqW6wXRdufaCsLgnuk',`nickname`='不改名字了',`sex`='1',`language`='zh_CN',`city`='焦作',`province`='河南',`country`='中国',`headimgurl`='http://wx.qlogo.cn/mmopen/JicpJkiap6g44DtytNL8CxfhXOLc1sUQOtfdTYd7ibiaJQ66vee1H700ibSiaXafUyYgic8tafibTf1y5o5rgtpV1a0VfPVrml7ic8pib9/0',`subscribe`='1',`subscribe_time`='1496745627',`remark`='',`groupid`='0',`referer`=NULL,`create_time`='2017-06-20 16:59:49' [ RunTime:0.0020s ]
NOTIC: [8] Undefined index: url D:\www\activity\application\Common\Controller\AppframeController.class.php 第 22 行.

[ 2017-06-20T17:19:44+08:00 ] 192.168.10.158 /index.php/api/wechat/authUser?code=0516BA1a2rAOER0FYY1a2ZjJ1a26BA1o
INFO: [ app_begin ] --START--
INFO: Run Behavior\ReadHtmlCacheBehavior [ RunTime:0.002000s ]
INFO: Run Behavior\CheckLangBehavior [ RunTime:0.002001s ]
INFO: Run Common\Behavior\UrldecodeGetBehavior [ RunTime:0.001000s ]
INFO: [ app_begin ] --END-- [ RunTime:0.005001s ]
SQL: SHOW COLUMNS FROM `cmf_act_users` [ RunTime:0.0000s ]
NOTIC: [8] Undefined index: referer D:\www\activity\application\Common\Model\ActUsersModel.class.php 第 63 行.
SQL: SHOW COLUMNS FROM `cmf_act_users` [ RunTime:0.0010s ]
SQL: SELECT * FROM `cmf_act_users` WHERE `openid` = 'o5sOQ1aVdCTqW6wXRdufaCsLgnuk' LIMIT 1   [ RunTime:0.0000s ]
NOTIC: [8] Undefined index: id D:\www\activity\application\Common\Model\ActUsersModel.class.php 第 70 行.
SQL: SHOW COLUMNS FROM `cmf_act_users` [ RunTime:0.0010s ]
SQL: UPDATE `cmf_act_users` SET `openid`='o5sOQ1aVdCTqW6wXRdufaCsLgnuk',`nickname`='不改名字了',`sex`='1',`language`='zh_CN',`city`='焦作',`province`='河南',`country`='中国',`headimgurl`='http://wx.qlogo.cn/mmopen/JicpJkiap6g44DtytNL8CxfhXOLc1sUQOtfdTYd7ibiaJQ66vee1H700ibSiaXafUyYgic8tafibTf1y5o5rgtpV1a0VfPVrml7ic8pib9/0',`subscribe`='1',`subscribe_time`='1496745627',`remark`='',`groupid`='0',`referer`=NULL,`create_time`='2017-06-20 17:19:44' [ RunTime:0.0010s ]
NOTIC: [8] Undefined index: url D:\www\activity\application\Common\Controller\AppframeController.class.php 第 22 行.

