[ 2017-06-23T09:15:24+08:00 ] 192.168.10.107 /index.php/Home/index/getQuestion
INFO: [ app_begin ] --START--
INFO: Run Behavior\ReadHtmlCacheBehavior [ RunTime:0.001001s ]
INFO: Run Behavior\CheckLangBehavior [ RunTime:0.002000s ]
INFO: Run Common\Behavior\UrldecodeGetBehavior [ RunTime:0.001000s ]
INFO: [ app_begin ] --END-- [ RunTime:0.004001s ]
SQL: SHOW COLUMNS FROM `cmf_act_users` [ RunTime:0.0020s ]
SQL: SHOW COLUMNS FROM `cmf_act_answerer` [ RunTime:0.0020s ]
SQL: SHOW COLUMNS FROM `cmf_act_question` [ RunTime:0.0020s ]
SQL: SHOW COLUMNS FROM `cmf_act_subject` [ RunTime:0.0010s ]
NOTIC: [2] in_array() expects parameter 2 to be array, boolean given D:\www\activity\simplewind\Core\Library\Think\Model.class.php 第 1055 行.
NOTIC: [8] Undefined index: auto D:\www\activity\simplewind\Core\Library\Think\Model.class.php 第 1128 行.
SQL: SELECT * FROM `cmf_act_question` WHERE `id` = 4 LIMIT 1   [ RunTime:0.0000s ]
NOTIC: [8] Undefined index: url D:\www\activity\application\Common\Controller\AppframeController.class.php 第 22 行.

[ 2017-06-23T09:15:24+08:00 ] 192.168.10.107 /index.php/Home/index/getSubject
INFO: [ app_begin ] --START--
INFO: Run Behavior\ReadHtmlCacheBehavior [ RunTime:0.001000s ]
INFO: Run Behavior\CheckLangBehavior [ RunTime:0.002000s ]
INFO: Run Common\Behavior\UrldecodeGetBehavior [ RunTime:0.001000s ]
INFO: [ app_begin ] --END-- [ RunTime:0.005000s ]
SQL: SHOW COLUMNS FROM `cmf_act_users` [ RunTime:0.0020s ]
SQL: SHOW COLUMNS FROM `cmf_act_answerer` [ RunTime:0.0020s ]
SQL: SHOW COLUMNS FROM `cmf_act_question` [ RunTime:0.0020s ]
SQL: SHOW COLUMNS FROM `cmf_act_subject` [ RunTime:0.0010s ]
NOTIC: [2] in_array() expects parameter 2 to be array, boolean given D:\www\activity\simplewind\Core\Library\Think\Model.class.php 第 1055 行.
NOTIC: [8] Undefined index: auto D:\www\activity\simplewind\Core\Library\Think\Model.class.php 第 1128 行.
SQL: SELECT COUNT(*) as num FROM  cmf_act_subject  WHERE   (1=1)  and  question_id = 4  [ RunTime:0.0180s ]
SQL: SELECT  *  FROM  cmf_act_subject  WHERE   (1=1)  and  question_id = 4  order by sort asc  limit 0,100  [ RunTime:0.0010s ]
NOTIC: [8] Undefined index: url D:\www\activity\application\Common\Controller\AppframeController.class.php 第 22 行.

[ 2017-06-23T09:25:25+08:00 ] 192.168.10.107 /index.php/Home/index/getQuestion
INFO: [ app_begin ] --START--
INFO: Run Behavior\ReadHtmlCacheBehavior [ RunTime:0.001000s ]
INFO: Run Behavior\CheckLangBehavior [ RunTime:0.002000s ]
INFO: Run Common\Behavior\UrldecodeGetBehavior [ RunTime:0.001000s ]
INFO: [ app_begin ] --END-- [ RunTime:0.005000s ]
SQL: SHOW COLUMNS FROM `cmf_act_users` [ RunTime:0.0010s ]
SQL: SHOW COLUMNS FROM `cmf_act_answerer` [ RunTime:0.0010s ]
SQL: SHOW COLUMNS FROM `cmf_act_question` [ RunTime:0.0010s ]
SQL: SHOW COLUMNS FROM `cmf_act_subject` [ RunTime:0.0000s ]
NOTIC: [2] in_array() expects parameter 2 to be array, boolean given D:\www\activity\simplewind\Core\Library\Think\Model.class.php 第 1055 行.
NOTIC: [8] Undefined index: auto D:\www\activity\simplewind\Core\Library\Think\Model.class.php 第 1128 行.
SQL: SELECT * FROM `cmf_act_question` WHERE `id` = 4 LIMIT 1   [ RunTime:0.0010s ]
NOTIC: [8] Undefined index: url D:\www\activity\application\Common\Controller\AppframeController.class.php 第 22 行.

[ 2017-06-23T09:25:25+08:00 ] 192.168.10.107 /index.php/Home/index/getSubject
INFO: [ app_begin ] --START--
INFO: Run Behavior\ReadHtmlCacheBehavior [ RunTime:0.000000s ]
INFO: Run Behavior\CheckLangBehavior [ RunTime:0.001000s ]
INFO: Run Common\Behavior\UrldecodeGetBehavior [ RunTime:0.000000s ]
INFO: [ app_begin ] --END-- [ RunTime:0.003000s ]
SQL: SHOW COLUMNS FROM `cmf_act_users` [ RunTime:0.0010s ]
SQL: SHOW COLUMNS FROM `cmf_act_answerer` [ RunTime:0.0000s ]
SQL: SHOW COLUMNS FROM `cmf_act_question` [ RunTime:0.0010s ]
SQL: SHOW COLUMNS FROM `cmf_act_subject` [ RunTime:0.0010s ]
NOTIC: [2] in_array() expects parameter 2 to be array, boolean given D:\www\activity\simplewind\Core\Library\Think\Model.class.php 第 1055 行.
NOTIC: [8] Undefined index: auto D:\www\activity\simplewind\Core\Library\Think\Model.class.php 第 1128 行.
SQL: SELECT COUNT(*) as num FROM  cmf_act_subject  WHERE   (1=1)  and  question_id = 4  [ RunTime:0.0000s ]
SQL: SELECT  *  FROM  cmf_act_subject  WHERE   (1=1)  and  question_id = 4  order by sort asc  limit 0,100  [ RunTime:0.0000s ]
NOTIC: [8] Undefined index: url D:\www\activity\application\Common\Controller\AppframeController.class.php 第 22 行.

[ 2017-06-23T15:38:27+08:00 ] 127.0.0.1 /index.php/Home/index/getQuestion
INFO: [ app_begin ] --START--
INFO: Run Behavior\ReadHtmlCacheBehavior [ RunTime:0.001000s ]
INFO: Run Behavior\CheckLangBehavior [ RunTime:0.001000s ]
INFO: Run Common\Behavior\UrldecodeGetBehavior [ RunTime:0.001000s ]
INFO: [ app_begin ] --END-- [ RunTime:0.004000s ]
SQL: SHOW COLUMNS FROM `cmf_act_users` [ RunTime:0.0000s ]
SQL: SHOW COLUMNS FROM `cmf_act_answerer` [ RunTime:0.0010s ]
SQL: SHOW COLUMNS FROM `cmf_act_question` [ RunTime:0.0010s ]
SQL: SHOW COLUMNS FROM `cmf_act_subject` [ RunTime:0.0000s ]
NOTIC: [2] in_array() expects parameter 2 to be array, boolean given D:\www\activity\simplewind\Core\Library\Think\Model.class.php 第 1055 行.
NOTIC: [8] Undefined index: auto D:\www\activity\simplewind\Core\Library\Think\Model.class.php 第 1128 行.
SQL: SELECT * FROM `cmf_act_question` WHERE `id` = 4 LIMIT 1   [ RunTime:0.0000s ]
NOTIC: [8] Undefined index: url D:\www\activity\application\Common\Controller\AppframeController.class.php 第 22 行.

[ 2017-06-23T15:38:27+08:00 ] 127.0.0.1 /index.php/Home/index/getSubject
INFO: [ app_begin ] --START--
INFO: Run Behavior\ReadHtmlCacheBehavior [ RunTime:0.000000s ]
INFO: Run Behavior\CheckLangBehavior [ RunTime:0.001000s ]
INFO: Run Common\Behavior\UrldecodeGetBehavior [ RunTime:0.001000s ]
INFO: [ app_begin ] --END-- [ RunTime:0.002000s ]
SQL: SHOW COLUMNS FROM `cmf_act_users` [ RunTime:0.0000s ]
SQL: SHOW COLUMNS FROM `cmf_act_answerer` [ RunTime:0.0000s ]
SQL: SHOW COLUMNS FROM `cmf_act_question` [ RunTime:0.0010s ]
SQL: SHOW COLUMNS FROM `cmf_act_subject` [ RunTime:0.0000s ]
NOTIC: [2] in_array() expects parameter 2 to be array, boolean given D:\www\activity\simplewind\Core\Library\Think\Model.class.php 第 1055 行.
NOTIC: [8] Undefined index: auto D:\www\activity\simplewind\Core\Library\Think\Model.class.php 第 1128 行.
SQL: SELECT COUNT(*) as num FROM  cmf_act_subject  WHERE   (1=1)  and  question_id = 4  [ RunTime:0.0000s ]
SQL: SELECT  *  FROM  cmf_act_subject  WHERE   (1=1)  and  question_id = 4  order by sort asc  limit 0,100  [ RunTime:0.0000s ]
NOTIC: [8] Undefined index: url D:\www\activity\application\Common\Controller\AppframeController.class.php 第 22 行.

[ 2017-06-23T15:38:34+08:00 ] 127.0.0.1 /index.php/Home/index/getQuestion
INFO: [ app_begin ] --START--
INFO: Run Behavior\ReadHtmlCacheBehavior [ RunTime:0.001001s ]
INFO: Run Behavior\CheckLangBehavior [ RunTime:0.000000s ]
INFO: Run Common\Behavior\UrldecodeGetBehavior [ RunTime:0.000000s ]
INFO: [ app_begin ] --END-- [ RunTime:0.003001s ]
SQL: SHOW COLUMNS FROM `cmf_act_users` [ RunTime:0.0010s ]
SQL: SHOW COLUMNS FROM `cmf_act_answerer` [ RunTime:0.0000s ]
SQL: SHOW COLUMNS FROM `cmf_act_question` [ RunTime:0.0010s ]
SQL: SHOW COLUMNS FROM `cmf_act_subject` [ RunTime:0.0010s ]
NOTIC: [2] in_array() expects parameter 2 to be array, boolean given D:\www\activity\simplewind\Core\Library\Think\Model.class.php 第 1055 行.
NOTIC: [8] Undefined index: auto D:\www\activity\simplewind\Core\Library\Think\Model.class.php 第 1128 行.
SQL: SELECT * FROM `cmf_act_question` WHERE `id` = 4 LIMIT 1   [ RunTime:0.0000s ]
NOTIC: [8] Undefined index: url D:\www\activity\application\Common\Controller\AppframeController.class.php 第 22 行.

[ 2017-06-23T15:38:34+08:00 ] 127.0.0.1 /index.php/Home/index/getSubject
INFO: [ app_begin ] --START--
INFO: Run Behavior\ReadHtmlCacheBehavior [ RunTime:0.000000s ]
INFO: Run Behavior\CheckLangBehavior [ RunTime:0.001000s ]
INFO: Run Common\Behavior\UrldecodeGetBehavior [ RunTime:0.001000s ]
INFO: [ app_begin ] --END-- [ RunTime:0.003000s ]
SQL: SHOW COLUMNS FROM `cmf_act_users` [ RunTime:0.0010s ]
SQL: SHOW COLUMNS FROM `cmf_act_answerer` [ RunTime:0.0000s ]
SQL: SHOW COLUMNS FROM `cmf_act_question` [ RunTime:0.0010s ]
SQL: SHOW COLUMNS FROM `cmf_act_subject` [ RunTime:0.0010s ]
NOTIC: [2] in_array() expects parameter 2 to be array, boolean given D:\www\activity\simplewind\Core\Library\Think\Model.class.php 第 1055 行.
NOTIC: [8] Undefined index: auto D:\www\activity\simplewind\Core\Library\Think\Model.class.php 第 1128 行.
SQL: SELECT COUNT(*) as num FROM  cmf_act_subject  WHERE   (1=1)  and  question_id = 4  [ RunTime:0.0010s ]
SQL: SELECT  *  FROM  cmf_act_subject  WHERE   (1=1)  and  question_id = 4  order by sort asc  limit 0,100  [ RunTime:0.0000s ]
NOTIC: [8] Undefined index: url D:\www\activity\application\Common\Controller\AppframeController.class.php 第 22 行.

[ 2017-06-23T15:39:23+08:00 ] 127.0.0.1 /index.php/Home/index/getQuestion
INFO: [ app_begin ] --START--
INFO: Run Behavior\ReadHtmlCacheBehavior [ RunTime:0.001000s ]
INFO: Run Behavior\CheckLangBehavior [ RunTime:0.000000s ]
INFO: Run Common\Behavior\UrldecodeGetBehavior [ RunTime:0.000000s ]
INFO: [ app_begin ] --END-- [ RunTime:0.002000s ]
SQL: SHOW COLUMNS FROM `cmf_act_users` [ RunTime:0.0010s ]
SQL: SHOW COLUMNS FROM `cmf_act_answerer` [ RunTime:0.0010s ]
SQL: SHOW COLUMNS FROM `cmf_act_question` [ RunTime:0.0000s ]
SQL: SHOW COLUMNS FROM `cmf_act_subject` [ RunTime:0.0010s ]
NOTIC: [2] in_array() expects parameter 2 to be array, boolean given D:\www\activity\simplewind\Core\Library\Think\Model.class.php 第 1055 行.
NOTIC: [8] Undefined index: auto D:\www\activity\simplewind\Core\Library\Think\Model.class.php 第 1128 行.
SQL: SELECT * FROM `cmf_act_question` WHERE `id` = 4 LIMIT 1   [ RunTime:0.0000s ]
NOTIC: [8] Undefined index: url D:\www\activity\application\Common\Controller\AppframeController.class.php 第 22 行.

[ 2017-06-23T15:39:23+08:00 ] 127.0.0.1 /index.php/Home/index/getSubject
INFO: [ app_begin ] --START--
INFO: Run Behavior\ReadHtmlCacheBehavior [ RunTime:0.000000s ]
INFO: Run Behavior\CheckLangBehavior [ RunTime:0.001000s ]
INFO: Run Common\Behavior\UrldecodeGetBehavior [ RunTime:0.000000s ]
INFO: [ app_begin ] --END-- [ RunTime:0.002000s ]
SQL: SHOW COLUMNS FROM `cmf_act_users` [ RunTime:0.0010s ]
SQL: SHOW COLUMNS FROM `cmf_act_answerer` [ RunTime:0.0000s ]
SQL: SHOW COLUMNS FROM `cmf_act_question` [ RunTime:0.0000s ]
SQL: SHOW COLUMNS FROM `cmf_act_subject` [ RunTime:0.0010s ]
NOTIC: [2] in_array() expects parameter 2 to be array, boolean given D:\www\activity\simplewind\Core\Library\Think\Model.class.php 第 1055 行.
NOTIC: [8] Undefined index: auto D:\www\activity\simplewind\Core\Library\Think\Model.class.php 第 1128 行.
SQL: SELECT COUNT(*) as num FROM  cmf_act_subject  WHERE   (1=1)  and  question_id = 4  [ RunTime:0.0010s ]
SQL: SELECT  *  FROM  cmf_act_subject  WHERE   (1=1)  and  question_id = 4  order by sort asc  limit 0,100  [ RunTime:0.0000s ]
NOTIC: [8] Undefined index: url D:\www\activity\application\Common\Controller\AppframeController.class.php 第 22 行.

[ 2017-06-23T15:39:42+08:00 ] 127.0.0.1 /index.php/Home/index/getQuestion
INFO: [ app_begin ] --START--
INFO: Run Behavior\ReadHtmlCacheBehavior [ RunTime:0.001001s ]
INFO: Run Behavior\CheckLangBehavior [ RunTime:0.001000s ]
INFO: Run Common\Behavior\UrldecodeGetBehavior [ RunTime:0.001000s ]
INFO: [ app_begin ] --END-- [ RunTime:0.003001s ]
SQL: SHOW COLUMNS FROM `cmf_act_users` [ RunTime:0.0000s ]
SQL: SHOW COLUMNS FROM `cmf_act_answerer` [ RunTime:0.0000s ]
SQL: SHOW COLUMNS FROM `cmf_act_question` [ RunTime:0.0000s ]
SQL: SHOW COLUMNS FROM `cmf_act_subject` [ RunTime:0.0010s ]
NOTIC: [2] in_array() expects parameter 2 to be array, boolean given D:\www\activity\simplewind\Core\Library\Think\Model.class.php 第 1055 行.
NOTIC: [8] Undefined index: auto D:\www\activity\simplewind\Core\Library\Think\Model.class.php 第 1128 行.
SQL: SELECT * FROM `cmf_act_question` WHERE `id` = 4 LIMIT 1   [ RunTime:0.0000s ]
NOTIC: [8] Undefined index: url D:\www\activity\application\Common\Controller\AppframeController.class.php 第 22 行.

[ 2017-06-23T15:39:42+08:00 ] 127.0.0.1 /index.php/Home/index/getSubject
INFO: [ app_begin ] --START--
INFO: Run Behavior\ReadHtmlCacheBehavior [ RunTime:0.001000s ]
INFO: Run Behavior\CheckLangBehavior [ RunTime:0.001000s ]
INFO: Run Common\Behavior\UrldecodeGetBehavior [ RunTime:0.000000s ]
INFO: [ app_begin ] --END-- [ RunTime:0.003000s ]
SQL: SHOW COLUMNS FROM `cmf_act_users` [ RunTime:0.0010s ]
SQL: SHOW COLUMNS FROM `cmf_act_answerer` [ RunTime:0.0010s ]
SQL: SHOW COLUMNS FROM `cmf_act_question` [ RunTime:0.0010s ]
SQL: SHOW COLUMNS FROM `cmf_act_subject` [ RunTime:0.0000s ]
NOTIC: [2] in_array() expects parameter 2 to be array, boolean given D:\www\activity\simplewind\Core\Library\Think\Model.class.php 第 1055 行.
NOTIC: [8] Undefined index: auto D:\www\activity\simplewind\Core\Library\Think\Model.class.php 第 1128 行.
SQL: SELECT COUNT(*) as num FROM  cmf_act_subject  WHERE   (1=1)  and  question_id = 4  [ RunTime:0.0000s ]
SQL: SELECT  *  FROM  cmf_act_subject  WHERE   (1=1)  and  question_id = 4  order by sort asc  limit 0,100  [ RunTime:0.0010s ]
NOTIC: [8] Undefined index: url D:\www\activity\application\Common\Controller\AppframeController.class.php 第 22 行.

[ 2017-06-23T15:40:47+08:00 ] 127.0.0.1 /index.php/Home/index/getQuestion
INFO: [ app_begin ] --START--
INFO: Run Behavior\ReadHtmlCacheBehavior [ RunTime:0.001000s ]
INFO: Run Behavior\CheckLangBehavior [ RunTime:0.001000s ]
INFO: Run Common\Behavior\UrldecodeGetBehavior [ RunTime:0.001000s ]
INFO: [ app_begin ] --END-- [ RunTime:0.003000s ]
SQL: SHOW COLUMNS FROM `cmf_act_users` [ RunTime:0.0010s ]
SQL: SHOW COLUMNS FROM `cmf_act_answerer` [ RunTime:0.0010s ]
SQL: SHOW COLUMNS FROM `cmf_act_question` [ RunTime:0.0010s ]
SQL: SHOW COLUMNS FROM `cmf_act_subject` [ RunTime:0.0000s ]
NOTIC: [2] in_array() expects parameter 2 to be array, boolean given D:\www\activity\simplewind\Core\Library\Think\Model.class.php 第 1055 行.
NOTIC: [8] Undefined index: auto D:\www\activity\simplewind\Core\Library\Think\Model.class.php 第 1128 行.
SQL: SELECT * FROM `cmf_act_question` WHERE `id` = 4 LIMIT 1   [ RunTime:0.0000s ]
NOTIC: [8] Undefined index: url D:\www\activity\application\Common\Controller\AppframeController.class.php 第 22 行.

[ 2017-06-23T15:40:47+08:00 ] 127.0.0.1 /index.php/Home/index/getSubject
INFO: [ app_begin ] --START--
INFO: Run Behavior\ReadHtmlCacheBehavior [ RunTime:0.000000s ]
INFO: Run Behavior\CheckLangBehavior [ RunTime:0.001000s ]
INFO: Run Common\Behavior\UrldecodeGetBehavior [ RunTime:0.001000s ]
INFO: [ app_begin ] --END-- [ RunTime:0.002000s ]
SQL: SHOW COLUMNS FROM `cmf_act_users` [ RunTime:0.0010s ]
SQL: SHOW COLUMNS FROM `cmf_act_answerer` [ RunTime:0.0010s ]
SQL: SHOW COLUMNS FROM `cmf_act_question` [ RunTime:0.0010s ]
SQL: SHOW COLUMNS FROM `cmf_act_subject` [ RunTime:0.0000s ]
NOTIC: [2] in_array() expects parameter 2 to be array, boolean given D:\www\activity\simplewind\Core\Library\Think\Model.class.php 第 1055 行.
NOTIC: [8] Undefined index: auto D:\www\activity\simplewind\Core\Library\Think\Model.class.php 第 1128 行.
SQL: SELECT COUNT(*) as num FROM  cmf_act_subject  WHERE   (1=1)  and  question_id = 4  [ RunTime:0.0000s ]
SQL: SELECT  *  FROM  cmf_act_subject  WHERE   (1=1)  and  question_id = 4  order by sort asc  limit 0,100  [ RunTime:0.0010s ]
NOTIC: [8] Undefined index: url D:\www\activity\application\Common\Controller\AppframeController.class.php 第 22 行.

