[ 2017-07-26T13:32:47+08:00 ] 127.0.0.1 /index.php/Home/Ruida/areaList
INFO: [ app_begin ] --START--
INFO: Run Behavior\ReadHtmlCacheBehavior [ RunTime:0.001000s ]
INFO: Run Behavior\CheckLangBehavior [ RunTime:0.001000s ]
INFO: Run Common\Behavior\UrldecodeGetBehavior [ RunTime:0.000000s ]
INFO: [ app_begin ] --END-- [ RunTime:0.002000s ]
SQL: SHOW COLUMNS FROM `cmf_ruida_appoint` [ RunTime:0.0010s ]
NOTIC: [2] in_array() expects parameter 2 to be array, boolean given D:\www\activity\simplewind\Core\Library\Think\Model.class.php 第 1055 行.
NOTIC: [2] in_array() expects parameter 2 to be array, boolean given D:\www\activity\simplewind\Core\Library\Think\Model.class.php 第 1055 行.
NOTIC: [2] in_array() expects parameter 2 to be array, boolean given D:\www\activity\simplewind\Core\Library\Think\Model.class.php 第 1055 行.
NOTIC: [8] Undefined index: auto D:\www\activity\simplewind\Core\Library\Think\Model.class.php 第 1128 行.
INFO: [ app_end ] --START--
INFO: Run Behavior\ShowPageTraceBehavior [ RunTime:0.002000s ]
INFO: [ app_end ] --END-- [ RunTime:0.002000s ]

[ 2017-07-26T13:32:52+08:00 ] 127.0.0.1 /index.php/Home/Ruida/areaList
INFO: [ app_begin ] --START--
INFO: Run Behavior\ReadHtmlCacheBehavior [ RunTime:0.000000s ]
INFO: Run Behavior\CheckLangBehavior [ RunTime:0.001000s ]
INFO: Run Common\Behavior\UrldecodeGetBehavior [ RunTime:0.001000s ]
INFO: [ app_begin ] --END-- [ RunTime:0.003000s ]
SQL: SHOW COLUMNS FROM `cmf_ruida_appoint` [ RunTime:0.0010s ]
NOTIC: [2] in_array() expects parameter 2 to be array, boolean given D:\www\activity\simplewind\Core\Library\Think\Model.class.php 第 1055 行.
NOTIC: [2] in_array() expects parameter 2 to be array, boolean given D:\www\activity\simplewind\Core\Library\Think\Model.class.php 第 1055 行.
NOTIC: [2] in_array() expects parameter 2 to be array, boolean given D:\www\activity\simplewind\Core\Library\Think\Model.class.php 第 1055 行.
NOTIC: [8] Undefined index: auto D:\www\activity\simplewind\Core\Library\Think\Model.class.php 第 1128 行.
INFO: [ app_end ] --START--
INFO: Run Behavior\ShowPageTraceBehavior [ RunTime:0.001000s ]
INFO: [ app_end ] --END-- [ RunTime:0.002000s ]

[ 2017-07-26T13:33:14+08:00 ] 127.0.0.1 /index.php/Home/Ruida/areaList
INFO: [ app_begin ] --START--
INFO: Run Behavior\ReadHtmlCacheBehavior [ RunTime:0.000000s ]
INFO: Run Behavior\CheckLangBehavior [ RunTime:0.001000s ]
INFO: Run Common\Behavior\UrldecodeGetBehavior [ RunTime:0.000000s ]
INFO: [ app_begin ] --END-- [ RunTime:0.003000s ]
SQL: SHOW COLUMNS FROM `cmf_ruida_appoint` [ RunTime:0.0010s ]
NOTIC: [2] in_array() expects parameter 2 to be array, boolean given D:\www\activity\simplewind\Core\Library\Think\Model.class.php 第 1055 行.
NOTIC: [2] in_array() expects parameter 2 to be array, boolean given D:\www\activity\simplewind\Core\Library\Think\Model.class.php 第 1055 行.
NOTIC: [2] in_array() expects parameter 2 to be array, boolean given D:\www\activity\simplewind\Core\Library\Think\Model.class.php 第 1055 行.
NOTIC: [8] Undefined index: auto D:\www\activity\simplewind\Core\Library\Think\Model.class.php 第 1128 行.
INFO: [ app_end ] --START--
INFO: Run Behavior\ShowPageTraceBehavior [ RunTime:0.003000s ]
INFO: [ app_end ] --END-- [ RunTime:0.003000s ]

[ 2017-07-26T13:33:16+08:00 ] 127.0.0.1 /index.php/Home/Ruida/areaList
INFO: [ app_begin ] --START--
INFO: Run Behavior\ReadHtmlCacheBehavior [ RunTime:0.001000s ]
INFO: Run Behavior\CheckLangBehavior [ RunTime:0.001000s ]
INFO: Run Common\Behavior\UrldecodeGetBehavior [ RunTime:0.000000s ]
INFO: [ app_begin ] --END-- [ RunTime:0.002000s ]
SQL: SHOW COLUMNS FROM `cmf_ruida_appoint` [ RunTime:0.0000s ]
NOTIC: [2] in_array() expects parameter 2 to be array, boolean given D:\www\activity\simplewind\Core\Library\Think\Model.class.php 第 1055 行.
NOTIC: [2] in_array() expects parameter 2 to be array, boolean given D:\www\activity\simplewind\Core\Library\Think\Model.class.php 第 1055 行.
NOTIC: [2] in_array() expects parameter 2 to be array, boolean given D:\www\activity\simplewind\Core\Library\Think\Model.class.php 第 1055 行.
NOTIC: [8] Undefined index: auto D:\www\activity\simplewind\Core\Library\Think\Model.class.php 第 1128 行.
INFO: [ app_end ] --START--
INFO: Run Behavior\ShowPageTraceBehavior [ RunTime:0.002000s ]
INFO: [ app_end ] --END-- [ RunTime:0.002000s ]

[ 2017-07-26T13:33:24+08:00 ] 127.0.0.1 /index.php/Home/Ruida/areaList
INFO: [ app_begin ] --START--
INFO: Run Behavior\ReadHtmlCacheBehavior [ RunTime:0.001000s ]
INFO: Run Behavior\CheckLangBehavior [ RunTime:0.001000s ]
INFO: Run Common\Behavior\UrldecodeGetBehavior [ RunTime:0.000000s ]
INFO: [ app_begin ] --END-- [ RunTime:0.003000s ]
SQL: SHOW COLUMNS FROM `cmf_ruida_appoint` [ RunTime:0.0000s ]
NOTIC: [2] in_array() expects parameter 2 to be array, boolean given D:\www\activity\simplewind\Core\Library\Think\Model.class.php 第 1055 行.
NOTIC: [2] in_array() expects parameter 2 to be array, boolean given D:\www\activity\simplewind\Core\Library\Think\Model.class.php 第 1055 行.
NOTIC: [2] in_array() expects parameter 2 to be array, boolean given D:\www\activity\simplewind\Core\Library\Think\Model.class.php 第 1055 行.
NOTIC: [8] Undefined index: auto D:\www\activity\simplewind\Core\Library\Think\Model.class.php 第 1128 行.
INFO: [ app_end ] --START--
INFO: Run Behavior\ShowPageTraceBehavior [ RunTime:0.001000s ]
INFO: [ app_end ] --END-- [ RunTime:0.001000s ]

[ 2017-07-26T13:35:39+08:00 ] 127.0.0.1 /index.php/Home/Ruida/areaList
INFO: [ app_begin ] --START--
INFO: Run Behavior\ReadHtmlCacheBehavior [ RunTime:0.000000s ]
INFO: Run Behavior\CheckLangBehavior [ RunTime:0.001000s ]
INFO: Run Common\Behavior\UrldecodeGetBehavior [ RunTime:0.001001s ]
INFO: [ app_begin ] --END-- [ RunTime:0.003001s ]
SQL: SHOW COLUMNS FROM `cmf_ruida_appoint` [ RunTime:0.0010s ]
NOTIC: [2] in_array() expects parameter 2 to be array, boolean given D:\www\activity\simplewind\Core\Library\Think\Model.class.php 第 1055 行.
NOTIC: [2] in_array() expects parameter 2 to be array, boolean given D:\www\activity\simplewind\Core\Library\Think\Model.class.php 第 1055 行.
NOTIC: [2] in_array() expects parameter 2 to be array, boolean given D:\www\activity\simplewind\Core\Library\Think\Model.class.php 第 1055 行.
NOTIC: [8] Undefined index: auto D:\www\activity\simplewind\Core\Library\Think\Model.class.php 第 1128 行.

[ 2017-07-26T13:35:41+08:00 ] 127.0.0.1 /index.php/Home/Ruida/areaList
INFO: [ app_begin ] --START--
INFO: Run Behavior\ReadHtmlCacheBehavior [ RunTime:0.001000s ]
INFO: Run Behavior\CheckLangBehavior [ RunTime:0.001000s ]
INFO: Run Common\Behavior\UrldecodeGetBehavior [ RunTime:0.000000s ]
INFO: [ app_begin ] --END-- [ RunTime:0.002000s ]
SQL: SHOW COLUMNS FROM `cmf_ruida_appoint` [ RunTime:0.0010s ]
NOTIC: [2] in_array() expects parameter 2 to be array, boolean given D:\www\activity\simplewind\Core\Library\Think\Model.class.php 第 1055 行.
NOTIC: [2] in_array() expects parameter 2 to be array, boolean given D:\www\activity\simplewind\Core\Library\Think\Model.class.php 第 1055 行.
NOTIC: [2] in_array() expects parameter 2 to be array, boolean given D:\www\activity\simplewind\Core\Library\Think\Model.class.php 第 1055 行.
NOTIC: [8] Undefined index: auto D:\www\activity\simplewind\Core\Library\Think\Model.class.php 第 1128 行.

[ 2017-07-26T13:35:44+08:00 ] 127.0.0.1 /index.php/Home/Ruida/areaList
INFO: [ app_begin ] --START--
INFO: Run Behavior\ReadHtmlCacheBehavior [ RunTime:0.001000s ]
INFO: Run Behavior\CheckLangBehavior [ RunTime:0.002000s ]
INFO: Run Common\Behavior\UrldecodeGetBehavior [ RunTime:0.000000s ]
INFO: [ app_begin ] --END-- [ RunTime:0.004000s ]
SQL: SHOW COLUMNS FROM `cmf_ruida_appoint` [ RunTime:0.0010s ]
NOTIC: [2] in_array() expects parameter 2 to be array, boolean given D:\www\activity\simplewind\Core\Library\Think\Model.class.php 第 1055 行.
NOTIC: [2] in_array() expects parameter 2 to be array, boolean given D:\www\activity\simplewind\Core\Library\Think\Model.class.php 第 1055 行.
NOTIC: [2] in_array() expects parameter 2 to be array, boolean given D:\www\activity\simplewind\Core\Library\Think\Model.class.php 第 1055 行.
NOTIC: [8] Undefined index: auto D:\www\activity\simplewind\Core\Library\Think\Model.class.php 第 1128 行.

[ 2017-07-26T13:58:46+08:00 ] 127.0.0.1 /index.php/Home/Ruida/areaList
INFO: [ app_begin ] --START--
INFO: Run Behavior\ReadHtmlCacheBehavior [ RunTime:0.000000s ]
INFO: Run Behavior\CheckLangBehavior [ RunTime:0.002000s ]
INFO: Run Common\Behavior\UrldecodeGetBehavior [ RunTime:0.000000s ]
INFO: [ app_begin ] --END-- [ RunTime:0.003000s ]
SQL: SHOW COLUMNS FROM `cmf_ruida_appoint` [ RunTime:0.0010s ]
NOTIC: [2] in_array() expects parameter 2 to be array, boolean given D:\www\activity\simplewind\Core\Library\Think\Model.class.php 第 1055 行.
NOTIC: [2] in_array() expects parameter 2 to be array, boolean given D:\www\activity\simplewind\Core\Library\Think\Model.class.php 第 1055 行.
NOTIC: [2] in_array() expects parameter 2 to be array, boolean given D:\www\activity\simplewind\Core\Library\Think\Model.class.php 第 1055 行.
NOTIC: [8] Undefined index: auto D:\www\activity\simplewind\Core\Library\Think\Model.class.php 第 1128 行.

[ 2017-07-26T13:58:49+08:00 ] 127.0.0.1 /index.php/Home/Ruida/submitSign
INFO: [ app_begin ] --START--
INFO: Run Behavior\ReadHtmlCacheBehavior [ RunTime:0.001000s ]
INFO: Run Behavior\CheckLangBehavior [ RunTime:0.001001s ]
INFO: Run Common\Behavior\UrldecodeGetBehavior [ RunTime:0.000000s ]
INFO: [ app_begin ] --END-- [ RunTime:0.002001s ]
SQL: SHOW COLUMNS FROM `cmf_ruida_appoint` [ RunTime:0.0010s ]
NOTIC: [2] in_array() expects parameter 2 to be array, boolean given D:\www\activity\simplewind\Core\Library\Think\Model.class.php 第 1055 行.
NOTIC: [2] in_array() expects parameter 2 to be array, boolean given D:\www\activity\simplewind\Core\Library\Think\Model.class.php 第 1055 行.
NOTIC: [2] in_array() expects parameter 2 to be array, boolean given D:\www\activity\simplewind\Core\Library\Think\Model.class.php 第 1055 行.
NOTIC: [2] in_array() expects parameter 2 to be array, boolean given D:\www\activity\simplewind\Core\Library\Think\Model.class.php 第 1055 行.
NOTIC: [2] in_array() expects parameter 2 to be array, boolean given D:\www\activity\simplewind\Core\Library\Think\Model.class.php 第 1055 行.
NOTIC: [2] in_array() expects parameter 2 to be array, boolean given D:\www\activity\simplewind\Core\Library\Think\Model.class.php 第 1055 行.
NOTIC: [2] in_array() expects parameter 2 to be array, boolean given D:\www\activity\simplewind\Core\Library\Think\Model.class.php 第 1055 行.
NOTIC: [8] Undefined index: auto D:\www\activity\simplewind\Core\Library\Think\Model.class.php 第 1128 行.
SQL: SHOW COLUMNS FROM `cmf_ruida_appoint` [ RunTime:0.0000s ]
ERR: 1054:Unknown column 'verifyCode' in 'field list'
 [ SQL语句 ] : INSERT INTO `cmf_ruida_appoint` (`name`,`mobile`,`city`,`area`,`address`,`intro`,`verifyCode`,`create_time`) VALUES ('dddww','13333913340','4','55','ddddww','dddw','','1501048729')
ERR: 1054:Unknown column 'verifyCode' in 'field list'
 [ SQL语句 ] : INSERT INTO `cmf_ruida_appoint` (`name`,`mobile`,`city`,`area`,`address`,`intro`,`verifyCode`,`create_time`) VALUES ('dddww','13333913340','4','55','ddddww','dddw','','1501048729')

[ 2017-07-26T14:00:20+08:00 ] 127.0.0.1 /index.php/Home/Ruida/submitSign
INFO: [ app_begin ] --START--
INFO: Run Behavior\ReadHtmlCacheBehavior [ RunTime:0.001001s ]
INFO: Run Behavior\CheckLangBehavior [ RunTime:0.001000s ]
INFO: Run Common\Behavior\UrldecodeGetBehavior [ RunTime:0.001000s ]
INFO: [ app_begin ] --END-- [ RunTime:0.003001s ]
SQL: SHOW COLUMNS FROM `cmf_ruida_appoint` [ RunTime:0.0010s ]
NOTIC: [2] in_array() expects parameter 2 to be array, boolean given D:\www\activity\simplewind\Core\Library\Think\Model.class.php 第 1055 行.
NOTIC: [2] in_array() expects parameter 2 to be array, boolean given D:\www\activity\simplewind\Core\Library\Think\Model.class.php 第 1055 行.
NOTIC: [2] in_array() expects parameter 2 to be array, boolean given D:\www\activity\simplewind\Core\Library\Think\Model.class.php 第 1055 行.
NOTIC: [2] in_array() expects parameter 2 to be array, boolean given D:\www\activity\simplewind\Core\Library\Think\Model.class.php 第 1055 行.
NOTIC: [2] in_array() expects parameter 2 to be array, boolean given D:\www\activity\simplewind\Core\Library\Think\Model.class.php 第 1055 行.
NOTIC: [2] in_array() expects parameter 2 to be array, boolean given D:\www\activity\simplewind\Core\Library\Think\Model.class.php 第 1055 行.
NOTIC: [2] in_array() expects parameter 2 to be array, boolean given D:\www\activity\simplewind\Core\Library\Think\Model.class.php 第 1055 行.
NOTIC: [8] Undefined index: auto D:\www\activity\simplewind\Core\Library\Think\Model.class.php 第 1128 行.
SQL: SHOW COLUMNS FROM `cmf_ruida_appoint` [ RunTime:0.0000s ]
ERR: 1054:Unknown column 'verifyCode' in 'field list'
 [ SQL语句 ] : INSERT INTO `cmf_ruida_appoint` (`name`,`mobile`,`city`,`area`,`address`,`intro`,`verifyCode`,`create_time`) VALUES ('dddww','13333913340','4','选择城市','ddddww','dddw','','1501048820')
ERR: 1054:Unknown column 'verifyCode' in 'field list'
 [ SQL语句 ] : INSERT INTO `cmf_ruida_appoint` (`name`,`mobile`,`city`,`area`,`address`,`intro`,`verifyCode`,`create_time`) VALUES ('dddww','13333913340','4','选择城市','ddddww','dddw','','1501048820')

[ 2017-07-26T14:13:08+08:00 ] 127.0.0.1 /index.php/Home/Ruida/submitSign
INFO: [ app_begin ] --START--
INFO: Run Behavior\ReadHtmlCacheBehavior [ RunTime:0.000000s ]
INFO: Run Behavior\CheckLangBehavior [ RunTime:0.000000s ]
INFO: Run Common\Behavior\UrldecodeGetBehavior [ RunTime:0.000000s ]
INFO: [ app_begin ] --END-- [ RunTime:0.002000s ]
SQL: SHOW COLUMNS FROM `cmf_ruida_appoint` [ RunTime:0.0000s ]
NOTIC: [2] in_array() expects parameter 2 to be array, boolean given D:\www\activity\simplewind\Core\Library\Think\Model.class.php 第 1055 行.
NOTIC: [2] in_array() expects parameter 2 to be array, boolean given D:\www\activity\simplewind\Core\Library\Think\Model.class.php 第 1055 行.
NOTIC: [2] in_array() expects parameter 2 to be array, boolean given D:\www\activity\simplewind\Core\Library\Think\Model.class.php 第 1055 行.
NOTIC: [2] in_array() expects parameter 2 to be array, boolean given D:\www\activity\simplewind\Core\Library\Think\Model.class.php 第 1055 行.
NOTIC: [2] in_array() expects parameter 2 to be array, boolean given D:\www\activity\simplewind\Core\Library\Think\Model.class.php 第 1055 行.
NOTIC: [2] in_array() expects parameter 2 to be array, boolean given D:\www\activity\simplewind\Core\Library\Think\Model.class.php 第 1055 行.
NOTIC: [2] in_array() expects parameter 2 to be array, boolean given D:\www\activity\simplewind\Core\Library\Think\Model.class.php 第 1055 行.
NOTIC: [8] Undefined index: auto D:\www\activity\simplewind\Core\Library\Think\Model.class.php 第 1128 行.
NOTIC: [8] Undefined index: url D:\www\activity\application\Common\Controller\AppframeController.class.php 第 22 行.

[ 2017-07-26T14:13:12+08:00 ] 127.0.0.1 /index.php/Home/Ruida/submitSign
INFO: [ app_begin ] --START--
INFO: Run Behavior\ReadHtmlCacheBehavior [ RunTime:0.000000s ]
INFO: Run Behavior\CheckLangBehavior [ RunTime:0.001000s ]
INFO: Run Common\Behavior\UrldecodeGetBehavior [ RunTime:0.001000s ]
INFO: [ app_begin ] --END-- [ RunTime:0.003000s ]
SQL: SHOW COLUMNS FROM `cmf_ruida_appoint` [ RunTime:0.0010s ]
NOTIC: [2] in_array() expects parameter 2 to be array, boolean given D:\www\activity\simplewind\Core\Library\Think\Model.class.php 第 1055 行.
NOTIC: [2] in_array() expects parameter 2 to be array, boolean given D:\www\activity\simplewind\Core\Library\Think\Model.class.php 第 1055 行.
NOTIC: [2] in_array() expects parameter 2 to be array, boolean given D:\www\activity\simplewind\Core\Library\Think\Model.class.php 第 1055 行.
NOTIC: [2] in_array() expects parameter 2 to be array, boolean given D:\www\activity\simplewind\Core\Library\Think\Model.class.php 第 1055 行.
NOTIC: [2] in_array() expects parameter 2 to be array, boolean given D:\www\activity\simplewind\Core\Library\Think\Model.class.php 第 1055 行.
NOTIC: [2] in_array() expects parameter 2 to be array, boolean given D:\www\activity\simplewind\Core\Library\Think\Model.class.php 第 1055 行.
NOTIC: [2] in_array() expects parameter 2 to be array, boolean given D:\www\activity\simplewind\Core\Library\Think\Model.class.php 第 1055 行.
NOTIC: [8] Undefined index: auto D:\www\activity\simplewind\Core\Library\Think\Model.class.php 第 1128 行.
NOTIC: [8] Undefined index: url D:\www\activity\application\Common\Controller\AppframeController.class.php 第 22 行.

[ 2017-07-26T14:13:17+08:00 ] 127.0.0.1 /index.php/Home/Ruida/submitSign
INFO: [ app_begin ] --START--
INFO: Run Behavior\ReadHtmlCacheBehavior [ RunTime:0.000000s ]
INFO: Run Behavior\CheckLangBehavior [ RunTime:0.001000s ]
INFO: Run Common\Behavior\UrldecodeGetBehavior [ RunTime:0.001000s ]
INFO: [ app_begin ] --END-- [ RunTime:0.002000s ]
SQL: SHOW COLUMNS FROM `cmf_ruida_appoint` [ RunTime:0.0010s ]
NOTIC: [2] in_array() expects parameter 2 to be array, boolean given D:\www\activity\simplewind\Core\Library\Think\Model.class.php 第 1055 行.
NOTIC: [2] in_array() expects parameter 2 to be array, boolean given D:\www\activity\simplewind\Core\Library\Think\Model.class.php 第 1055 行.
NOTIC: [2] in_array() expects parameter 2 to be array, boolean given D:\www\activity\simplewind\Core\Library\Think\Model.class.php 第 1055 行.
NOTIC: [2] in_array() expects parameter 2 to be array, boolean given D:\www\activity\simplewind\Core\Library\Think\Model.class.php 第 1055 行.
NOTIC: [2] in_array() expects parameter 2 to be array, boolean given D:\www\activity\simplewind\Core\Library\Think\Model.class.php 第 1055 行.
NOTIC: [2] in_array() expects parameter 2 to be array, boolean given D:\www\activity\simplewind\Core\Library\Think\Model.class.php 第 1055 行.
NOTIC: [2] in_array() expects parameter 2 to be array, boolean given D:\www\activity\simplewind\Core\Library\Think\Model.class.php 第 1055 行.
NOTIC: [8] Undefined index: auto D:\www\activity\simplewind\Core\Library\Think\Model.class.php 第 1128 行.
SQL: SHOW COLUMNS FROM `cmf_ruida_appoint` [ RunTime:0.0000s ]
ERR: 1054:Unknown column 'verify' in 'field list'
 [ SQL语句 ] : INSERT INTO `cmf_ruida_appoint` (`name`,`mobile`,`city`,`area`,`address`,`intro`,`verify`,`create_time`) VALUES ('dddww','13333913340','4','选择城市','ddddww','dddw','z4dm','1501049597')
ERR: 1054:Unknown column 'verify' in 'field list'
 [ SQL语句 ] : INSERT INTO `cmf_ruida_appoint` (`name`,`mobile`,`city`,`area`,`address`,`intro`,`verify`,`create_time`) VALUES ('dddww','13333913340','4','选择城市','ddddww','dddw','z4dm','1501049597')

[ 2017-07-26T14:14:06+08:00 ] 127.0.0.1 /index.php/Home/Ruida/submitSign
INFO: [ app_begin ] --START--
INFO: Run Behavior\ReadHtmlCacheBehavior [ RunTime:0.000000s ]
INFO: Run Behavior\CheckLangBehavior [ RunTime:0.000000s ]
INFO: Run Common\Behavior\UrldecodeGetBehavior [ RunTime:0.000000s ]
INFO: [ app_begin ] --END-- [ RunTime:0.002000s ]
SQL: SHOW COLUMNS FROM `cmf_ruida_appoint` [ RunTime:0.0000s ]
NOTIC: [2] in_array() expects parameter 2 to be array, boolean given D:\www\activity\simplewind\Core\Library\Think\Model.class.php 第 1055 行.
NOTIC: [2] in_array() expects parameter 2 to be array, boolean given D:\www\activity\simplewind\Core\Library\Think\Model.class.php 第 1055 行.
NOTIC: [2] in_array() expects parameter 2 to be array, boolean given D:\www\activity\simplewind\Core\Library\Think\Model.class.php 第 1055 行.
NOTIC: [2] in_array() expects parameter 2 to be array, boolean given D:\www\activity\simplewind\Core\Library\Think\Model.class.php 第 1055 行.
NOTIC: [2] in_array() expects parameter 2 to be array, boolean given D:\www\activity\simplewind\Core\Library\Think\Model.class.php 第 1055 行.
NOTIC: [2] in_array() expects parameter 2 to be array, boolean given D:\www\activity\simplewind\Core\Library\Think\Model.class.php 第 1055 行.
NOTIC: [2] in_array() expects parameter 2 to be array, boolean given D:\www\activity\simplewind\Core\Library\Think\Model.class.php 第 1055 行.
NOTIC: [8] Undefined index: auto D:\www\activity\simplewind\Core\Library\Think\Model.class.php 第 1128 行.
NOTIC: [8] Undefined index: url D:\www\activity\application\Common\Controller\AppframeController.class.php 第 22 行.

[ 2017-07-26T14:14:16+08:00 ] 127.0.0.1 /index.php/Home/Ruida/submitSign
INFO: [ app_begin ] --START--
INFO: Run Behavior\ReadHtmlCacheBehavior [ RunTime:0.001000s ]
INFO: Run Behavior\CheckLangBehavior [ RunTime:0.001000s ]
INFO: Run Common\Behavior\UrldecodeGetBehavior [ RunTime:0.000000s ]
INFO: [ app_begin ] --END-- [ RunTime:0.002000s ]
SQL: SHOW COLUMNS FROM `cmf_ruida_appoint` [ RunTime:0.0010s ]
NOTIC: [2] in_array() expects parameter 2 to be array, boolean given D:\www\activity\simplewind\Core\Library\Think\Model.class.php 第 1055 行.
NOTIC: [2] in_array() expects parameter 2 to be array, boolean given D:\www\activity\simplewind\Core\Library\Think\Model.class.php 第 1055 行.
NOTIC: [2] in_array() expects parameter 2 to be array, boolean given D:\www\activity\simplewind\Core\Library\Think\Model.class.php 第 1055 行.
NOTIC: [2] in_array() expects parameter 2 to be array, boolean given D:\www\activity\simplewind\Core\Library\Think\Model.class.php 第 1055 行.
NOTIC: [2] in_array() expects parameter 2 to be array, boolean given D:\www\activity\simplewind\Core\Library\Think\Model.class.php 第 1055 行.
NOTIC: [2] in_array() expects parameter 2 to be array, boolean given D:\www\activity\simplewind\Core\Library\Think\Model.class.php 第 1055 行.
NOTIC: [2] in_array() expects parameter 2 to be array, boolean given D:\www\activity\simplewind\Core\Library\Think\Model.class.php 第 1055 行.
NOTIC: [8] Undefined index: auto D:\www\activity\simplewind\Core\Library\Think\Model.class.php 第 1128 行.
SQL: SHOW COLUMNS FROM `cmf_ruida_appoint` [ RunTime:0.0000s ]
SQL: INSERT INTO `cmf_ruida_appoint` (`name`,`mobile`,`city`,`area`,`address`,`intro`,`create_time`) VALUES ('dddww','13333913340','4','选择城市','ddddww','dddw','1501049656') [ RunTime:0.0000s ]
NOTIC: [8] Undefined index: url D:\www\activity\application\Common\Controller\AppframeController.class.php 第 22 行.

[ 2017-07-26T14:16:21+08:00 ] 127.0.0.1 /index.php/Home/Ruida/areaList
INFO: [ app_begin ] --START--
INFO: Run Behavior\ReadHtmlCacheBehavior [ RunTime:0.000000s ]
INFO: Run Behavior\CheckLangBehavior [ RunTime:0.002000s ]
INFO: Run Common\Behavior\UrldecodeGetBehavior [ RunTime:0.000000s ]
INFO: [ app_begin ] --END-- [ RunTime:0.003000s ]
SQL: SHOW COLUMNS FROM `cmf_ruida_appoint` [ RunTime:0.0010s ]
NOTIC: [2] in_array() expects parameter 2 to be array, boolean given D:\www\activity\simplewind\Core\Library\Think\Model.class.php 第 1055 行.
NOTIC: [2] in_array() expects parameter 2 to be array, boolean given D:\www\activity\simplewind\Core\Library\Think\Model.class.php 第 1055 行.
NOTIC: [2] in_array() expects parameter 2 to be array, boolean given D:\www\activity\simplewind\Core\Library\Think\Model.class.php 第 1055 行.
NOTIC: [8] Undefined index: auto D:\www\activity\simplewind\Core\Library\Think\Model.class.php 第 1128 行.

[ 2017-07-26T14:16:27+08:00 ] 127.0.0.1 /index.php/Home/Ruida/submitSign
INFO: [ app_begin ] --START--
INFO: Run Behavior\ReadHtmlCacheBehavior [ RunTime:0.001000s ]
INFO: Run Behavior\CheckLangBehavior [ RunTime:0.001000s ]
INFO: Run Common\Behavior\UrldecodeGetBehavior [ RunTime:0.001000s ]
INFO: [ app_begin ] --END-- [ RunTime:0.004000s ]
SQL: SHOW COLUMNS FROM `cmf_ruida_appoint` [ RunTime:0.0000s ]
NOTIC: [2] in_array() expects parameter 2 to be array, boolean given D:\www\activity\simplewind\Core\Library\Think\Model.class.php 第 1055 行.
NOTIC: [2] in_array() expects parameter 2 to be array, boolean given D:\www\activity\simplewind\Core\Library\Think\Model.class.php 第 1055 行.
NOTIC: [2] in_array() expects parameter 2 to be array, boolean given D:\www\activity\simplewind\Core\Library\Think\Model.class.php 第 1055 行.
NOTIC: [2] in_array() expects parameter 2 to be array, boolean given D:\www\activity\simplewind\Core\Library\Think\Model.class.php 第 1055 行.
NOTIC: [2] in_array() expects parameter 2 to be array, boolean given D:\www\activity\simplewind\Core\Library\Think\Model.class.php 第 1055 行.
NOTIC: [2] in_array() expects parameter 2 to be array, boolean given D:\www\activity\simplewind\Core\Library\Think\Model.class.php 第 1055 行.
NOTIC: [2] in_array() expects parameter 2 to be array, boolean given D:\www\activity\simplewind\Core\Library\Think\Model.class.php 第 1055 行.
NOTIC: [8] Undefined index: auto D:\www\activity\simplewind\Core\Library\Think\Model.class.php 第 1128 行.
SQL: SHOW COLUMNS FROM `cmf_ruida_appoint` [ RunTime:0.0010s ]
SQL: INSERT INTO `cmf_ruida_appoint` (`name`,`mobile`,`city`,`area`,`address`,`intro`,`create_time`) VALUES ('fasdfdsf','13333613340','4','54','fdfsf','sdfsdf','1501049787') [ RunTime:0.0010s ]
NOTIC: [8] Undefined index: url D:\www\activity\application\Common\Controller\AppframeController.class.php 第 22 行.

[ 2017-07-26T14:17:37+08:00 ] 127.0.0.1 /index.php/Home/Ruida/areaList
INFO: [ app_begin ] --START--
INFO: Run Behavior\ReadHtmlCacheBehavior [ RunTime:0.001000s ]
INFO: Run Behavior\CheckLangBehavior [ RunTime:0.001000s ]
INFO: Run Common\Behavior\UrldecodeGetBehavior [ RunTime:0.000000s ]
INFO: [ app_begin ] --END-- [ RunTime:0.002000s ]
SQL: SHOW COLUMNS FROM `cmf_ruida_appoint` [ RunTime:0.0010s ]
NOTIC: [2] in_array() expects parameter 2 to be array, boolean given D:\www\activity\simplewind\Core\Library\Think\Model.class.php 第 1055 行.
NOTIC: [2] in_array() expects parameter 2 to be array, boolean given D:\www\activity\simplewind\Core\Library\Think\Model.class.php 第 1055 行.
NOTIC: [2] in_array() expects parameter 2 to be array, boolean given D:\www\activity\simplewind\Core\Library\Think\Model.class.php 第 1055 行.
NOTIC: [8] Undefined index: auto D:\www\activity\simplewind\Core\Library\Think\Model.class.php 第 1128 行.

[ 2017-07-26T14:17:43+08:00 ] 127.0.0.1 /index.php/Home/Ruida/submitSign
INFO: [ app_begin ] --START--
INFO: Run Behavior\ReadHtmlCacheBehavior [ RunTime:0.001000s ]
INFO: Run Behavior\CheckLangBehavior [ RunTime:0.001000s ]
INFO: Run Common\Behavior\UrldecodeGetBehavior [ RunTime:0.000000s ]
INFO: [ app_begin ] --END-- [ RunTime:0.002000s ]
SQL: SHOW COLUMNS FROM `cmf_ruida_appoint` [ RunTime:0.0010s ]
NOTIC: [2] in_array() expects parameter 2 to be array, boolean given D:\www\activity\simplewind\Core\Library\Think\Model.class.php 第 1055 行.
NOTIC: [2] in_array() expects parameter 2 to be array, boolean given D:\www\activity\simplewind\Core\Library\Think\Model.class.php 第 1055 行.
NOTIC: [2] in_array() expects parameter 2 to be array, boolean given D:\www\activity\simplewind\Core\Library\Think\Model.class.php 第 1055 行.
NOTIC: [2] in_array() expects parameter 2 to be array, boolean given D:\www\activity\simplewind\Core\Library\Think\Model.class.php 第 1055 行.
NOTIC: [2] in_array() expects parameter 2 to be array, boolean given D:\www\activity\simplewind\Core\Library\Think\Model.class.php 第 1055 行.
NOTIC: [2] in_array() expects parameter 2 to be array, boolean given D:\www\activity\simplewind\Core\Library\Think\Model.class.php 第 1055 行.
NOTIC: [2] in_array() expects parameter 2 to be array, boolean given D:\www\activity\simplewind\Core\Library\Think\Model.class.php 第 1055 行.
NOTIC: [8] Undefined index: auto D:\www\activity\simplewind\Core\Library\Think\Model.class.php 第 1128 行.
SQL: SHOW COLUMNS FROM `cmf_ruida_appoint` [ RunTime:0.0000s ]
SQL: INSERT INTO `cmf_ruida_appoint` (`name`,`mobile`,`city`,`area`,`address`,`intro`,`create_time`) VALUES ('sdfsdf','13333625542','3','39','asdasd','wwwdda','1501049863') [ RunTime:0.0000s ]
NOTIC: [8] Undefined index: url D:\www\activity\application\Common\Controller\AppframeController.class.php 第 22 行.

[ 2017-07-26T14:18:55+08:00 ] 127.0.0.1 /index.php/Home/Ruida/submitSign
INFO: [ app_begin ] --START--
INFO: Run Behavior\ReadHtmlCacheBehavior [ RunTime:0.000000s ]
INFO: Run Behavior\CheckLangBehavior [ RunTime:0.001000s ]
INFO: Run Common\Behavior\UrldecodeGetBehavior [ RunTime:0.000000s ]
INFO: [ app_begin ] --END-- [ RunTime:0.002000s ]
SQL: SHOW COLUMNS FROM `cmf_ruida_appoint` [ RunTime:0.0000s ]
NOTIC: [2] in_array() expects parameter 2 to be array, boolean given D:\www\activity\simplewind\Core\Library\Think\Model.class.php 第 1055 行.
NOTIC: [2] in_array() expects parameter 2 to be array, boolean given D:\www\activity\simplewind\Core\Library\Think\Model.class.php 第 1055 行.
NOTIC: [2] in_array() expects parameter 2 to be array, boolean given D:\www\activity\simplewind\Core\Library\Think\Model.class.php 第 1055 行.
NOTIC: [2] in_array() expects parameter 2 to be array, boolean given D:\www\activity\simplewind\Core\Library\Think\Model.class.php 第 1055 行.
NOTIC: [2] in_array() expects parameter 2 to be array, boolean given D:\www\activity\simplewind\Core\Library\Think\Model.class.php 第 1055 行.
NOTIC: [2] in_array() expects parameter 2 to be array, boolean given D:\www\activity\simplewind\Core\Library\Think\Model.class.php 第 1055 行.
NOTIC: [2] in_array() expects parameter 2 to be array, boolean given D:\www\activity\simplewind\Core\Library\Think\Model.class.php 第 1055 行.
NOTIC: [8] Undefined index: auto D:\www\activity\simplewind\Core\Library\Think\Model.class.php 第 1128 行.
NOTIC: [8] Undefined index: url D:\www\activity\application\Common\Controller\AppframeController.class.php 第 22 行.

[ 2017-07-26T14:19:05+08:00 ] 127.0.0.1 /index.php/Home/Ruida/submitSign
INFO: [ app_begin ] --START--
INFO: Run Behavior\ReadHtmlCacheBehavior [ RunTime:0.001000s ]
INFO: Run Behavior\CheckLangBehavior [ RunTime:0.002000s ]
INFO: Run Common\Behavior\UrldecodeGetBehavior [ RunTime:0.001000s ]
INFO: [ app_begin ] --END-- [ RunTime:0.004000s ]
SQL: SHOW COLUMNS FROM `cmf_ruida_appoint` [ RunTime:0.0000s ]
NOTIC: [2] in_array() expects parameter 2 to be array, boolean given D:\www\activity\simplewind\Core\Library\Think\Model.class.php 第 1055 行.
NOTIC: [2] in_array() expects parameter 2 to be array, boolean given D:\www\activity\simplewind\Core\Library\Think\Model.class.php 第 1055 行.
NOTIC: [2] in_array() expects parameter 2 to be array, boolean given D:\www\activity\simplewind\Core\Library\Think\Model.class.php 第 1055 行.
NOTIC: [2] in_array() expects parameter 2 to be array, boolean given D:\www\activity\simplewind\Core\Library\Think\Model.class.php 第 1055 行.
NOTIC: [2] in_array() expects parameter 2 to be array, boolean given D:\www\activity\simplewind\Core\Library\Think\Model.class.php 第 1055 行.
NOTIC: [2] in_array() expects parameter 2 to be array, boolean given D:\www\activity\simplewind\Core\Library\Think\Model.class.php 第 1055 行.
NOTIC: [2] in_array() expects parameter 2 to be array, boolean given D:\www\activity\simplewind\Core\Library\Think\Model.class.php 第 1055 行.
NOTIC: [8] Undefined index: auto D:\www\activity\simplewind\Core\Library\Think\Model.class.php 第 1128 行.
SQL: SHOW COLUMNS FROM `cmf_ruida_appoint` [ RunTime:0.0010s ]
SQL: INSERT INTO `cmf_ruida_appoint` (`name`,`mobile`,`city`,`area`,`address`,`intro`,`create_time`) VALUES ('sdfsdf','13333625542','3','选择城市','asdasd','wwwdda','1501049944') [ RunTime:0.0010s ]
NOTIC: [8] Undefined index: url D:\www\activity\application\Common\Controller\AppframeController.class.php 第 22 行.

[ 2017-07-26T14:23:17+08:00 ] 127.0.0.1 /index.php/Home/Ruida/areaList
INFO: [ app_begin ] --START--
INFO: Run Behavior\ReadHtmlCacheBehavior [ RunTime:0.001000s ]
INFO: Run Behavior\CheckLangBehavior [ RunTime:0.001000s ]
INFO: Run Common\Behavior\UrldecodeGetBehavior [ RunTime:0.001000s ]
INFO: [ app_begin ] --END-- [ RunTime:0.003000s ]
SQL: SHOW COLUMNS FROM `cmf_ruida_appoint` [ RunTime:0.0010s ]
NOTIC: [2] in_array() expects parameter 2 to be array, boolean given D:\www\activity\simplewind\Core\Library\Think\Model.class.php 第 1055 行.
NOTIC: [2] in_array() expects parameter 2 to be array, boolean given D:\www\activity\simplewind\Core\Library\Think\Model.class.php 第 1055 行.
NOTIC: [2] in_array() expects parameter 2 to be array, boolean given D:\www\activity\simplewind\Core\Library\Think\Model.class.php 第 1055 行.
NOTIC: [8] Undefined index: auto D:\www\activity\simplewind\Core\Library\Think\Model.class.php 第 1128 行.

[ 2017-07-26T14:27:18+08:00 ] 127.0.0.1 /index.php/Home/Ruida/areaList
INFO: [ app_begin ] --START--
INFO: Run Behavior\ReadHtmlCacheBehavior [ RunTime:0.000000s ]
INFO: Run Behavior\CheckLangBehavior [ RunTime:0.001000s ]
INFO: Run Common\Behavior\UrldecodeGetBehavior [ RunTime:0.001000s ]
INFO: [ app_begin ] --END-- [ RunTime:0.003000s ]
SQL: SHOW COLUMNS FROM `cmf_ruida_appoint` [ RunTime:0.0010s ]
NOTIC: [2] in_array() expects parameter 2 to be array, boolean given D:\www\activity\simplewind\Core\Library\Think\Model.class.php 第 1055 行.
NOTIC: [2] in_array() expects parameter 2 to be array, boolean given D:\www\activity\simplewind\Core\Library\Think\Model.class.php 第 1055 行.
NOTIC: [2] in_array() expects parameter 2 to be array, boolean given D:\www\activity\simplewind\Core\Library\Think\Model.class.php 第 1055 行.
NOTIC: [8] Undefined index: auto D:\www\activity\simplewind\Core\Library\Think\Model.class.php 第 1128 行.

[ 2017-07-26T14:27:23+08:00 ] 127.0.0.1 /index.php/Home/Ruida/submitSign
INFO: [ app_begin ] --START--
INFO: Run Behavior\ReadHtmlCacheBehavior [ RunTime:0.000000s ]
INFO: Run Behavior\CheckLangBehavior [ RunTime:0.001000s ]
INFO: Run Common\Behavior\UrldecodeGetBehavior [ RunTime:0.001000s ]
INFO: [ app_begin ] --END-- [ RunTime:0.003000s ]
SQL: SHOW COLUMNS FROM `cmf_ruida_appoint` [ RunTime:0.0010s ]
NOTIC: [2] in_array() expects parameter 2 to be array, boolean given D:\www\activity\simplewind\Core\Library\Think\Model.class.php 第 1055 行.
NOTIC: [2] in_array() expects parameter 2 to be array, boolean given D:\www\activity\simplewind\Core\Library\Think\Model.class.php 第 1055 行.
NOTIC: [2] in_array() expects parameter 2 to be array, boolean given D:\www\activity\simplewind\Core\Library\Think\Model.class.php 第 1055 行.
NOTIC: [2] in_array() expects parameter 2 to be array, boolean given D:\www\activity\simplewind\Core\Library\Think\Model.class.php 第 1055 行.
NOTIC: [2] in_array() expects parameter 2 to be array, boolean given D:\www\activity\simplewind\Core\Library\Think\Model.class.php 第 1055 行.
NOTIC: [2] in_array() expects parameter 2 to be array, boolean given D:\www\activity\simplewind\Core\Library\Think\Model.class.php 第 1055 行.
NOTIC: [2] in_array() expects parameter 2 to be array, boolean given D:\www\activity\simplewind\Core\Library\Think\Model.class.php 第 1055 行.
NOTIC: [8] Undefined index: auto D:\www\activity\simplewind\Core\Library\Think\Model.class.php 第 1128 行.
SQL: SHOW COLUMNS FROM `cmf_ruida_appoint` [ RunTime:0.0000s ]
SQL: INSERT INTO `cmf_ruida_appoint` (`province`,`city`,`name`,`mobile`,`address`,`intro`,`create_time`) VALUES ('','','sdfsdf','13333625542','ddw','wdwd','1501050443') [ RunTime:0.0000s ]
NOTIC: [8] Undefined index: url D:\www\activity\application\Common\Controller\AppframeController.class.php 第 22 行.

[ 2017-07-26T14:33:14+08:00 ] 127.0.0.1 /index.php/Home/Ruida/areaList
INFO: [ app_begin ] --START--
INFO: Run Behavior\ReadHtmlCacheBehavior [ RunTime:0.001000s ]
INFO: Run Behavior\CheckLangBehavior [ RunTime:0.001000s ]
INFO: Run Common\Behavior\UrldecodeGetBehavior [ RunTime:0.000000s ]
INFO: [ app_begin ] --END-- [ RunTime:0.003000s ]
SQL: SHOW COLUMNS FROM `cmf_ruida_appoint` [ RunTime:0.0010s ]
NOTIC: [2] in_array() expects parameter 2 to be array, boolean given D:\www\activity\simplewind\Core\Library\Think\Model.class.php 第 1055 行.
NOTIC: [2] in_array() expects parameter 2 to be array, boolean given D:\www\activity\simplewind\Core\Library\Think\Model.class.php 第 1055 行.
NOTIC: [2] in_array() expects parameter 2 to be array, boolean given D:\www\activity\simplewind\Core\Library\Think\Model.class.php 第 1055 行.
NOTIC: [8] Undefined index: auto D:\www\activity\simplewind\Core\Library\Think\Model.class.php 第 1128 行.

[ 2017-07-26T14:33:47+08:00 ] 127.0.0.1 /index.php/Home/Ruida/areaList
INFO: [ app_begin ] --START--
INFO: Run Behavior\ReadHtmlCacheBehavior [ RunTime:0.001000s ]
INFO: Run Behavior\CheckLangBehavior [ RunTime:0.001000s ]
INFO: Run Common\Behavior\UrldecodeGetBehavior [ RunTime:0.000000s ]
INFO: [ app_begin ] --END-- [ RunTime:0.002000s ]
SQL: SHOW COLUMNS FROM `cmf_ruida_appoint` [ RunTime:0.0000s ]
NOTIC: [2] in_array() expects parameter 2 to be array, boolean given D:\www\activity\simplewind\Core\Library\Think\Model.class.php 第 1055 行.
NOTIC: [2] in_array() expects parameter 2 to be array, boolean given D:\www\activity\simplewind\Core\Library\Think\Model.class.php 第 1055 行.
NOTIC: [2] in_array() expects parameter 2 to be array, boolean given D:\www\activity\simplewind\Core\Library\Think\Model.class.php 第 1055 行.
NOTIC: [8] Undefined index: auto D:\www\activity\simplewind\Core\Library\Think\Model.class.php 第 1128 行.

[ 2017-07-26T14:33:57+08:00 ] 127.0.0.1 /index.php/Home/Ruida/submitSign
INFO: [ app_begin ] --START--
INFO: Run Behavior\ReadHtmlCacheBehavior [ RunTime:0.000000s ]
INFO: Run Behavior\CheckLangBehavior [ RunTime:0.001000s ]
INFO: Run Common\Behavior\UrldecodeGetBehavior [ RunTime:0.001000s ]
INFO: [ app_begin ] --END-- [ RunTime:0.003000s ]
SQL: SHOW COLUMNS FROM `cmf_ruida_appoint` [ RunTime:0.0010s ]
NOTIC: [2] in_array() expects parameter 2 to be array, boolean given D:\www\activity\simplewind\Core\Library\Think\Model.class.php 第 1055 行.
NOTIC: [2] in_array() expects parameter 2 to be array, boolean given D:\www\activity\simplewind\Core\Library\Think\Model.class.php 第 1055 行.
NOTIC: [2] in_array() expects parameter 2 to be array, boolean given D:\www\activity\simplewind\Core\Library\Think\Model.class.php 第 1055 行.
NOTIC: [2] in_array() expects parameter 2 to be array, boolean given D:\www\activity\simplewind\Core\Library\Think\Model.class.php 第 1055 行.
NOTIC: [2] in_array() expects parameter 2 to be array, boolean given D:\www\activity\simplewind\Core\Library\Think\Model.class.php 第 1055 行.
NOTIC: [2] in_array() expects parameter 2 to be array, boolean given D:\www\activity\simplewind\Core\Library\Think\Model.class.php 第 1055 行.
NOTIC: [2] in_array() expects parameter 2 to be array, boolean given D:\www\activity\simplewind\Core\Library\Think\Model.class.php 第 1055 行.
NOTIC: [8] Undefined index: auto D:\www\activity\simplewind\Core\Library\Think\Model.class.php 第 1128 行.
SQL: SHOW COLUMNS FROM `cmf_ruida_appoint` [ RunTime:0.0000s ]
SQL: INSERT INTO `cmf_ruida_appoint` (`province`,`city`,`name`,`mobile`,`address`,`intro`,`create_time`) VALUES ('福建','龙岩','sasdfsdf','155225654','ddwdasd','asdasdas','1501050837') [ RunTime:0.0000s ]
NOTIC: [8] Undefined index: url D:\www\activity\application\Common\Controller\AppframeController.class.php 第 22 行.

[ 2017-07-26T14:56:41+08:00 ] 127.0.0.1 /index.php/Home/Ruida/areaList
INFO: [ app_begin ] --START--
INFO: Run Behavior\ReadHtmlCacheBehavior [ RunTime:0.001000s ]
INFO: Run Behavior\CheckLangBehavior [ RunTime:0.001000s ]
INFO: Run Common\Behavior\UrldecodeGetBehavior [ RunTime:0.001000s ]
INFO: [ app_begin ] --END-- [ RunTime:0.003000s ]
SQL: SHOW COLUMNS FROM `cmf_ruida_appoint` [ RunTime:0.0010s ]
NOTIC: [2] in_array() expects parameter 2 to be array, boolean given D:\www\activity\simplewind\Core\Library\Think\Model.class.php 第 1055 行.
NOTIC: [2] in_array() expects parameter 2 to be array, boolean given D:\www\activity\simplewind\Core\Library\Think\Model.class.php 第 1055 行.
NOTIC: [2] in_array() expects parameter 2 to be array, boolean given D:\www\activity\simplewind\Core\Library\Think\Model.class.php 第 1055 行.
NOTIC: [8] Undefined index: auto D:\www\activity\simplewind\Core\Library\Think\Model.class.php 第 1128 行.

[ 2017-07-26T14:57:46+08:00 ] 127.0.0.1 /index.php/Home/Ruida/areaList
INFO: [ app_begin ] --START--
INFO: Run Behavior\ReadHtmlCacheBehavior [ RunTime:0.001000s ]
INFO: Run Behavior\CheckLangBehavior [ RunTime:0.001000s ]
INFO: Run Common\Behavior\UrldecodeGetBehavior [ RunTime:0.001000s ]
INFO: [ app_begin ] --END-- [ RunTime:0.003000s ]
SQL: SHOW COLUMNS FROM `cmf_ruida_appoint` [ RunTime:0.0010s ]
NOTIC: [2] in_array() expects parameter 2 to be array, boolean given D:\www\activity\simplewind\Core\Library\Think\Model.class.php 第 1055 行.
NOTIC: [2] in_array() expects parameter 2 to be array, boolean given D:\www\activity\simplewind\Core\Library\Think\Model.class.php 第 1055 行.
NOTIC: [2] in_array() expects parameter 2 to be array, boolean given D:\www\activity\simplewind\Core\Library\Think\Model.class.php 第 1055 行.
NOTIC: [8] Undefined index: auto D:\www\activity\simplewind\Core\Library\Think\Model.class.php 第 1128 行.

[ 2017-07-26T14:58:16+08:00 ] 127.0.0.1 /index.php/Home/Ruida/areaList
INFO: [ app_begin ] --START--
INFO: Run Behavior\ReadHtmlCacheBehavior [ RunTime:0.000000s ]
INFO: Run Behavior\CheckLangBehavior [ RunTime:0.001000s ]
INFO: Run Common\Behavior\UrldecodeGetBehavior [ RunTime:0.001000s ]
INFO: [ app_begin ] --END-- [ RunTime:0.003000s ]
SQL: SHOW COLUMNS FROM `cmf_ruida_appoint` [ RunTime:0.0010s ]
NOTIC: [2] in_array() expects parameter 2 to be array, boolean given D:\www\activity\simplewind\Core\Library\Think\Model.class.php 第 1055 行.
NOTIC: [2] in_array() expects parameter 2 to be array, boolean given D:\www\activity\simplewind\Core\Library\Think\Model.class.php 第 1055 行.
NOTIC: [2] in_array() expects parameter 2 to be array, boolean given D:\www\activity\simplewind\Core\Library\Think\Model.class.php 第 1055 行.
NOTIC: [8] Undefined index: auto D:\www\activity\simplewind\Core\Library\Think\Model.class.php 第 1128 行.

[ 2017-07-26T14:58:18+08:00 ] 127.0.0.1 /index.php/Home/Ruida/submitSign
INFO: [ app_begin ] --START--
INFO: Run Behavior\ReadHtmlCacheBehavior [ RunTime:0.001000s ]
INFO: Run Behavior\CheckLangBehavior [ RunTime:0.001000s ]
INFO: Run Common\Behavior\UrldecodeGetBehavior [ RunTime:0.000000s ]
INFO: [ app_begin ] --END-- [ RunTime:0.002000s ]
SQL: SHOW COLUMNS FROM `cmf_ruida_appoint` [ RunTime:0.0000s ]
NOTIC: [8] Undefined index: url D:\www\activity\application\Common\Controller\AppframeController.class.php 第 22 行.

[ 2017-07-26T15:00:35+08:00 ] 127.0.0.1 /index.php/Home/Ruida/areaList
INFO: [ app_begin ] --START--
INFO: Run Behavior\ReadHtmlCacheBehavior [ RunTime:0.001000s ]
INFO: Run Behavior\CheckLangBehavior [ RunTime:0.001000s ]
INFO: Run Common\Behavior\UrldecodeGetBehavior [ RunTime:0.001000s ]
INFO: [ app_begin ] --END-- [ RunTime:0.003000s ]
SQL: SHOW COLUMNS FROM `cmf_ruida_appoint` [ RunTime:0.0000s ]
NOTIC: [2] in_array() expects parameter 2 to be array, boolean given D:\www\activity\simplewind\Core\Library\Think\Model.class.php 第 1055 行.
NOTIC: [2] in_array() expects parameter 2 to be array, boolean given D:\www\activity\simplewind\Core\Library\Think\Model.class.php 第 1055 行.
NOTIC: [2] in_array() expects parameter 2 to be array, boolean given D:\www\activity\simplewind\Core\Library\Think\Model.class.php 第 1055 行.
NOTIC: [8] Undefined index: auto D:\www\activity\simplewind\Core\Library\Think\Model.class.php 第 1128 行.

[ 2017-07-26T15:01:13+08:00 ] 127.0.0.1 /index.php/Home/Ruida/areaList
INFO: [ app_begin ] --START--
INFO: Run Behavior\ReadHtmlCacheBehavior [ RunTime:0.001000s ]
INFO: Run Behavior\CheckLangBehavior [ RunTime:0.001000s ]
INFO: Run Common\Behavior\UrldecodeGetBehavior [ RunTime:0.001000s ]
INFO: [ app_begin ] --END-- [ RunTime:0.003000s ]
SQL: SHOW COLUMNS FROM `cmf_ruida_appoint` [ RunTime:0.0000s ]
NOTIC: [2] in_array() expects parameter 2 to be array, boolean given D:\www\activity\simplewind\Core\Library\Think\Model.class.php 第 1055 行.
NOTIC: [2] in_array() expects parameter 2 to be array, boolean given D:\www\activity\simplewind\Core\Library\Think\Model.class.php 第 1055 行.
NOTIC: [2] in_array() expects parameter 2 to be array, boolean given D:\www\activity\simplewind\Core\Library\Think\Model.class.php 第 1055 行.
NOTIC: [8] Undefined index: auto D:\www\activity\simplewind\Core\Library\Think\Model.class.php 第 1128 行.

