[ 2017-07-10T15:11:11+08:00 ] 127.0.0.1 /index.php/Home/Fservice/submitJoin
INFO: [ app_begin ] --START--
INFO: Run Behavior\ReadHtmlCacheBehavior [ RunTime:0.000000s ]
INFO: Run Behavior\CheckLangBehavior [ RunTime:0.001000s ]
INFO: Run Common\Behavior\UrldecodeGetBehavior [ RunTime:0.000000s ]
INFO: [ app_begin ] --END-- [ RunTime:0.002000s ]
SQL: SHOW COLUMNS FROM `cmf_fsc_contact` [ RunTime:0.0010s ]
NOTIC: [2] in_array() expects parameter 2 to be array, boolean given D:\www\activity\simplewind\Core\Library\Think\Model.class.php 第 1055 行.
NOTIC: [8] Undefined index: auto D:\www\activity\simplewind\Core\Library\Think\Model.class.php 第 1128 行.
SQL: SHOW COLUMNS FROM `cmf_fsc_contact` [ RunTime:0.0000s ]
SQL: INSERT INTO `cmf_fsc_contact` (`mobile`,`create_time`) VALUES ('13355658848','2017-07-10 15:11:11') [ RunTime:0.0000s ]
NOTIC: [8] Undefined index: url D:\www\activity\application\Common\Controller\AppframeController.class.php 第 22 行.

[ 2017-07-10T15:11:42+08:00 ] 127.0.0.1 /index.php/Home/Fservice/submitJoin
INFO: [ app_begin ] --START--
INFO: Run Behavior\ReadHtmlCacheBehavior [ RunTime:0.000000s ]
INFO: Run Behavior\CheckLangBehavior [ RunTime:0.001000s ]
INFO: Run Common\Behavior\UrldecodeGetBehavior [ RunTime:0.001000s ]
INFO: [ app_begin ] --END-- [ RunTime:0.003000s ]
SQL: SHOW COLUMNS FROM `cmf_fsc_contact` [ RunTime:0.0010s ]
NOTIC: [8] Undefined index: url D:\www\activity\application\Common\Controller\AppframeController.class.php 第 22 行.

[ 2017-07-10T15:11:48+08:00 ] 127.0.0.1 /index.php/Home/Fservice/submitJoin
INFO: [ app_begin ] --START--
INFO: Run Behavior\ReadHtmlCacheBehavior [ RunTime:0.001000s ]
INFO: Run Behavior\CheckLangBehavior [ RunTime:0.001000s ]
INFO: Run Common\Behavior\UrldecodeGetBehavior [ RunTime:0.001000s ]
INFO: [ app_begin ] --END-- [ RunTime:0.004000s ]
SQL: SHOW COLUMNS FROM `cmf_fsc_contact` [ RunTime:0.0010s ]
NOTIC: [2] in_array() expects parameter 2 to be array, boolean given D:\www\activity\simplewind\Core\Library\Think\Model.class.php 第 1055 行.
NOTIC: [8] Undefined index: auto D:\www\activity\simplewind\Core\Library\Think\Model.class.php 第 1128 行.
SQL: SHOW COLUMNS FROM `cmf_fsc_contact` [ RunTime:0.0000s ]
SQL: INSERT INTO `cmf_fsc_contact` (`mobile`,`create_time`) VALUES ('13336254159','2017-07-10 15:11:48') [ RunTime:0.0000s ]
NOTIC: [8] Undefined index: url D:\www\activity\application\Common\Controller\AppframeController.class.php 第 22 行.

