[ 2017-06-15T09:42:54+08:00 ] 127.0.0.1 /index.php?g=Admin&m=public&a=dologin
INFO: [ app_begin ] --START--
INFO: Run Behavior\ReadHtmlCacheBehavior [ RunTime:0.001000s ]
INFO: Run Behavior\CheckLangBehavior [ RunTime:0.002000s ]
INFO: Run Common\Behavior\UrldecodeGetBehavior [ RunTime:0.000000s ]
INFO: [ app_begin ] --END-- [ RunTime:0.003000s ]
INFO: [ admin_begin ] --START--
INFO: Run Common\Behavior\AdminDefaultLangBehavior [ RunTime:0.001000s ]
INFO: [ admin_begin ] --END-- [ RunTime:0.001000s ]
SQL: SHOW COLUMNS FROM `cmf_users` [ RunTime:0.0010s ]
SQL: SELECT * FROM `cmf_users` WHERE `user_login` = 'admin' LIMIT 1   [ RunTime:0.0000s ]
SQL: SHOW COLUMNS FROM `cmf_role_user` [ RunTime:0.0010s ]
SQL: SELECT `role_id` FROM cmf_role_user a INNER JOIN cmf_role as b on a.role_id =b.id  WHERE `user_id` = '1' AND `status` = 1  [ RunTime:0.0010s ]
SQL: UPDATE `cmf_users` SET `user_login`='admin',`user_pass`='###967020a51470d7a821b5f66d14826204',`user_nicename`='admin',`user_email`='459947807@qq.com',`user_url`='',`avatar`=NULL,`sex`='0',`birthday`='2000-01-01',`signature`=NULL,`last_login_ip`='127.0.0.1',`last_login_time`='2017-06-15 09:42:54',`create_time`='2017-06-06 01:42:41',`user_activation_key`='',`user_status`='1',`score`='0',`user_type`='1',`coin`='0',`mobile`='' WHERE `id` = '1' [ RunTime:0.0010s ]

[ 2017-06-15T09:43:02+08:00 ] 127.0.0.1 /index.php?g=Admin&m=Menu&a=index
NOTIC: D方法实例化没找到模型类Common\Model\AuthRuleModel

[ 2017-06-15T09:43:04+08:00 ] 127.0.0.1 /index.php?g=Admin&m=menu&a=add
NOTIC: D方法实例化没找到模型类Common\Model\AuthRuleModel

[ 2017-06-15T09:44:55+08:00 ] 127.0.0.1 /index.php?g=Admin&m=Menu&a=add_post
INFO: [ app_begin ] --START--
INFO: Run Behavior\ReadHtmlCacheBehavior [ RunTime:0.001000s ]
INFO: Run Behavior\CheckLangBehavior [ RunTime:0.002000s ]
INFO: Run Common\Behavior\UrldecodeGetBehavior [ RunTime:0.001000s ]
INFO: [ app_begin ] --END-- [ RunTime:0.004000s ]
INFO: [ admin_begin ] --START--
INFO: Run Common\Behavior\AdminDefaultLangBehavior [ RunTime:0.002000s ]
INFO: [ admin_begin ] --END-- [ RunTime:0.002000s ]
SQL: SHOW COLUMNS FROM `cmf_users` [ RunTime:0.0010s ]
SQL: SELECT * FROM `cmf_users` WHERE `id` = '1' LIMIT 1   [ RunTime:0.0010s ]
SQL: SHOW COLUMNS FROM `cmf_menu` [ RunTime:0.0000s ]
NOTIC: D方法实例化没找到模型类Common\Model\AuthRuleModel
SQL: SHOW COLUMNS FROM `cmf_auth_rule` [ RunTime:0.0010s ]
NOTIC: [8] Undefined index: validate D:\www\activity\simplewind\Core\Library\Think\Model.class.php 第 1185 行.
SQL: SELECT * FROM `cmf_menu` WHERE `app` = 'Admin' AND `model` = 'DykUsers' AND `action` = 'default' LIMIT 1   [ RunTime:0.0000s ]
SQL: SELECT `parentid` FROM `cmf_menu` WHERE `id` = 0 LIMIT 1   [ RunTime:0.0000s ]
NOTIC: [8] Undefined index: auto D:\www\activity\simplewind\Core\Library\Think\Model.class.php 第 1128 行.
SQL: INSERT INTO `cmf_menu` (`parentid`,`name`,`app`,`model`,`action`,`data`,`icon`,`remark`,`status`,`type`) VALUES ('0','老师代言','Admin','DykUsers','default','','heart','','1','1') [ RunTime:0.0000s ]
SQL: SELECT COUNT(*) AS tp_count FROM `cmf_auth_rule` WHERE `name` = 'admin/dykusers/default' LIMIT 1   [ RunTime:0.0180s ]
SQL: INSERT INTO `cmf_auth_rule` (`name`,`module`,`type`,`title`) VALUES ('admin/dykusers/default','Admin','admin_url','老师代言') [ RunTime:0.0000s ]
SQL: SELECT * FROM `cmf_menu` WHERE `app` = 'Admin' ORDER BY `listorder` ASC,`app` ASC,`model` ASC,`action` ASC  [ RunTime:0.0020s ]
NOTIC: [2] mkdir(): File exists D:\www\activity\application\Admin\Controller\MenuController.class.php 第 247 行.

[ 2017-06-15T09:44:56+08:00 ] 127.0.0.1 /index.php?g=Admin&m=Menu&a=index
NOTIC: D方法实例化没找到模型类Common\Model\AuthRuleModel

[ 2017-06-15T09:45:08+08:00 ] 127.0.0.1 /index.php?g=Admin&m=public&a=dologin
INFO: [ app_begin ] --START--
INFO: Run Behavior\ReadHtmlCacheBehavior [ RunTime:0.000000s ]
INFO: Run Behavior\CheckLangBehavior [ RunTime:0.001000s ]
INFO: Run Common\Behavior\UrldecodeGetBehavior [ RunTime:0.001000s ]
INFO: [ app_begin ] --END-- [ RunTime:0.003000s ]
INFO: [ admin_begin ] --START--
INFO: Run Common\Behavior\AdminDefaultLangBehavior [ RunTime:0.002000s ]
INFO: [ admin_begin ] --END-- [ RunTime:0.002000s ]
SQL: SHOW COLUMNS FROM `cmf_users` [ RunTime:0.0010s ]
SQL: SELECT * FROM `cmf_users` WHERE `user_login` = 'admin' LIMIT 1   [ RunTime:0.0000s ]
SQL: SHOW COLUMNS FROM `cmf_role_user` [ RunTime:0.0010s ]
SQL: SELECT `role_id` FROM cmf_role_user a INNER JOIN cmf_role as b on a.role_id =b.id  WHERE `user_id` = '1' AND `status` = 1  [ RunTime:0.0010s ]
SQL: UPDATE `cmf_users` SET `user_login`='admin',`user_pass`='###967020a51470d7a821b5f66d14826204',`user_nicename`='admin',`user_email`='459947807@qq.com',`user_url`='',`avatar`=NULL,`sex`='0',`birthday`='2000-01-01',`signature`=NULL,`last_login_ip`='127.0.0.1',`last_login_time`='2017-06-15 09:45:08',`create_time`='2017-06-06 01:42:41',`user_activation_key`='',`user_status`='1',`score`='0',`user_type`='1',`coin`='0',`mobile`='' WHERE `id` = '1' [ RunTime:0.0000s ]

[ 2017-06-15T09:45:12+08:00 ] 127.0.0.1 /index.php?g=Admin&m=Menu&a=index
NOTIC: D方法实例化没找到模型类Common\Model\AuthRuleModel

[ 2017-06-15T09:45:16+08:00 ] 127.0.0.1 /index.php?g=Admin&m=Menu&a=add&parentid=197&menuid=
NOTIC: D方法实例化没找到模型类Common\Model\AuthRuleModel

[ 2017-06-15T09:45:44+08:00 ] 127.0.0.1 /index.php?g=Admin&m=Menu&a=add_post
INFO: [ app_begin ] --START--
INFO: Run Behavior\ReadHtmlCacheBehavior [ RunTime:0.001000s ]
INFO: Run Behavior\CheckLangBehavior [ RunTime:0.002000s ]
INFO: Run Common\Behavior\UrldecodeGetBehavior [ RunTime:0.000000s ]
INFO: [ app_begin ] --END-- [ RunTime:0.005000s ]
INFO: [ admin_begin ] --START--
INFO: Run Common\Behavior\AdminDefaultLangBehavior [ RunTime:0.002000s ]
INFO: [ admin_begin ] --END-- [ RunTime:0.003000s ]
SQL: SHOW COLUMNS FROM `cmf_users` [ RunTime:0.0010s ]
SQL: SELECT * FROM `cmf_users` WHERE `id` = '1' LIMIT 1   [ RunTime:0.0000s ]
SQL: SHOW COLUMNS FROM `cmf_menu` [ RunTime:0.0010s ]
NOTIC: D方法实例化没找到模型类Common\Model\AuthRuleModel
SQL: SHOW COLUMNS FROM `cmf_auth_rule` [ RunTime:0.0000s ]
NOTIC: [8] Undefined index: validate D:\www\activity\simplewind\Core\Library\Think\Model.class.php 第 1185 行.
SQL: SELECT * FROM `cmf_menu` WHERE `app` = 'Admin' AND `model` = 'DykUsers' AND `action` = 'index' LIMIT 1   [ RunTime:0.0010s ]
SQL: SELECT `parentid` FROM `cmf_menu` WHERE `id` = 197 LIMIT 1   [ RunTime:0.0000s ]
NOTIC: [8] Undefined index: auto D:\www\activity\simplewind\Core\Library\Think\Model.class.php 第 1128 行.
SQL: INSERT INTO `cmf_menu` (`parentid`,`name`,`app`,`model`,`action`,`data`,`icon`,`remark`,`status`,`type`) VALUES ('197','参与人员','Admin','DykUsers','index','','','','1','1') [ RunTime:0.0000s ]
SQL: SELECT COUNT(*) AS tp_count FROM `cmf_auth_rule` WHERE `name` = 'admin/dykusers/index' LIMIT 1   [ RunTime:0.0000s ]
SQL: INSERT INTO `cmf_auth_rule` (`name`,`module`,`type`,`title`) VALUES ('admin/dykusers/index','Admin','admin_url','参与人员') [ RunTime:0.0000s ]
SQL: SELECT * FROM `cmf_menu` WHERE `app` = 'Admin' ORDER BY `listorder` ASC,`app` ASC,`model` ASC,`action` ASC  [ RunTime:0.0020s ]
NOTIC: [2] mkdir(): File exists D:\www\activity\application\Admin\Controller\MenuController.class.php 第 247 行.

[ 2017-06-15T09:45:44+08:00 ] 127.0.0.1 /index.php?g=Admin&m=Menu&a=index
NOTIC: D方法实例化没找到模型类Common\Model\AuthRuleModel

[ 2017-06-15T09:46:38+08:00 ] 127.0.0.1 /index.php?g=Admin&m=DykUsers&a=updateStatus
INFO: [ app_begin ] --START--
INFO: Run Behavior\ReadHtmlCacheBehavior [ RunTime:0.001000s ]
INFO: Run Behavior\CheckLangBehavior [ RunTime:0.002000s ]
INFO: Run Common\Behavior\UrldecodeGetBehavior [ RunTime:0.001000s ]
INFO: [ app_begin ] --END-- [ RunTime:0.005001s ]
INFO: [ admin_begin ] --START--
INFO: Run Common\Behavior\AdminDefaultLangBehavior [ RunTime:0.002000s ]
INFO: [ admin_begin ] --END-- [ RunTime:0.002000s ]
SQL: SHOW COLUMNS FROM `cmf_users` [ RunTime:0.0010s ]
SQL: SELECT * FROM `cmf_users` WHERE `id` = '1' LIMIT 1   [ RunTime:0.0010s ]
SQL: SHOW COLUMNS FROM `cmf_dyk_users` [ RunTime:0.0010s ]
NOTIC: [2] Illegal offset type in isset or empty D:\www\activity\simplewind\Core\Library\Think\Model.class.php 第 445 行.
SQL: UPDATE `cmf_dyk_users` SET `status`='2' WHERE `id` IN ('1') [ RunTime:0.0390s ]
NOTIC: [8] Undefined index: url D:\www\activity\application\Common\Controller\AppframeController.class.php 第 22 行.

[ 2017-06-15T09:46:42+08:00 ] 127.0.0.1 /index.php?g=Admin&m=DykUsers&a=updateStatus
INFO: [ app_begin ] --START--
INFO: Run Behavior\ReadHtmlCacheBehavior [ RunTime:0.001000s ]
INFO: Run Behavior\CheckLangBehavior [ RunTime:0.002000s ]
INFO: Run Common\Behavior\UrldecodeGetBehavior [ RunTime:0.000000s ]
INFO: [ app_begin ] --END-- [ RunTime:0.003000s ]
INFO: [ admin_begin ] --START--
INFO: Run Common\Behavior\AdminDefaultLangBehavior [ RunTime:0.002000s ]
INFO: [ admin_begin ] --END-- [ RunTime:0.002000s ]
SQL: SHOW COLUMNS FROM `cmf_users` [ RunTime:0.0000s ]
SQL: SELECT * FROM `cmf_users` WHERE `id` = '1' LIMIT 1   [ RunTime:0.0000s ]
SQL: SHOW COLUMNS FROM `cmf_dyk_users` [ RunTime:0.0000s ]
NOTIC: [2] Illegal offset type in isset or empty D:\www\activity\simplewind\Core\Library\Think\Model.class.php 第 445 行.
SQL: UPDATE `cmf_dyk_users` SET `status`='1' WHERE `id` IN ('1') [ RunTime:0.0440s ]
NOTIC: [8] Undefined index: url D:\www\activity\application\Common\Controller\AppframeController.class.php 第 22 行.

[ 2017-06-15T09:47:10+08:00 ] 127.0.0.1 /index.php?g=Admin&m=DykUsers&a=deleteInfo
INFO: [ app_begin ] --START--
INFO: Run Behavior\ReadHtmlCacheBehavior [ RunTime:0.001000s ]
INFO: Run Behavior\CheckLangBehavior [ RunTime:0.001000s ]
INFO: Run Common\Behavior\UrldecodeGetBehavior [ RunTime:0.000000s ]
INFO: [ app_begin ] --END-- [ RunTime:0.003000s ]
INFO: [ admin_begin ] --START--
INFO: Run Common\Behavior\AdminDefaultLangBehavior [ RunTime:0.001001s ]
INFO: [ admin_begin ] --END-- [ RunTime:0.001001s ]
SQL: SHOW COLUMNS FROM `cmf_users` [ RunTime:0.0000s ]
SQL: SELECT * FROM `cmf_users` WHERE `id` = '1' LIMIT 1   [ RunTime:0.0010s ]
SQL: SHOW COLUMNS FROM `cmf_dyk_users` [ RunTime:0.0010s ]
NOTIC: [2] Illegal offset type in isset or empty D:\www\activity\simplewind\Core\Library\Think\Model.class.php 第 511 行.
SQL: DELETE FROM `cmf_dyk_users` WHERE `id` IN ('5') [ RunTime:0.0150s ]
NOTIC: [8] Undefined index: url D:\www\activity\application\Common\Controller\AppframeController.class.php 第 22 行.

[ 2017-06-15T09:48:11+08:00 ] 127.0.0.1 /index.php?g=Admin&m=DykUsers&a=deleteInfo
INFO: [ app_begin ] --START--
INFO: Run Behavior\ReadHtmlCacheBehavior [ RunTime:0.001000s ]
INFO: Run Behavior\CheckLangBehavior [ RunTime:0.002000s ]
INFO: Run Common\Behavior\UrldecodeGetBehavior [ RunTime:0.000000s ]
INFO: [ app_begin ] --END-- [ RunTime:0.003000s ]
INFO: [ admin_begin ] --START--
INFO: Run Common\Behavior\AdminDefaultLangBehavior [ RunTime:0.001000s ]
INFO: [ admin_begin ] --END-- [ RunTime:0.002000s ]
SQL: SHOW COLUMNS FROM `cmf_users` [ RunTime:0.0010s ]
SQL: SELECT * FROM `cmf_users` WHERE `id` = '1' LIMIT 1   [ RunTime:0.0000s ]
SQL: SHOW COLUMNS FROM `cmf_dyk_users` [ RunTime:0.0010s ]
NOTIC: [2] Illegal offset type in isset or empty D:\www\activity\simplewind\Core\Library\Think\Model.class.php 第 511 行.
SQL: DELETE FROM `cmf_dyk_users` WHERE `id` IN ('3','4') [ RunTime:0.0130s ]
NOTIC: [8] Undefined index: url D:\www\activity\application\Common\Controller\AppframeController.class.php 第 22 行.

[ 2017-06-15T09:49:57+08:00 ] 127.0.0.1 /index.php?g=Admin&m=DykUsers&a=update
ERR: 模板不存在:admin/themes/simplebootx/Admin/DykUsers/update.html

