[ 2017-07-06T09:26:27+08:00 ] 127.0.0.1 /index.php?g=Admin&m=public&a=dologin
INFO: [ app_begin ] --START--
INFO: Run Behavior\ReadHtmlCacheBehavior [ RunTime:0.001000s ]
INFO: Run Behavior\CheckLangBehavior [ RunTime:0.001000s ]
INFO: Run Common\Behavior\UrldecodeGetBehavior [ RunTime:0.000000s ]
INFO: [ app_begin ] --END-- [ RunTime:0.004000s ]
INFO: [ admin_begin ] --START--
INFO: Run Common\Behavior\AdminDefaultLangBehavior [ RunTime:0.001000s ]
INFO: [ admin_begin ] --END-- [ RunTime:0.002000s ]
SQL: SHOW COLUMNS FROM `cmf_users` [ RunTime:0.0130s ]
SQL: SELECT * FROM `cmf_users` WHERE `user_login` = 'admin' LIMIT 1   [ RunTime:0.0010s ]
SQL: SHOW COLUMNS FROM `cmf_role_user` [ RunTime:0.0380s ]
SQL: SELECT `role_id` FROM cmf_role_user a INNER JOIN cmf_role as b on a.role_id =b.id  WHERE `user_id` = '1' AND `status` = 1  [ RunTime:0.0020s ]
SQL: UPDATE `cmf_users` SET `user_login`='admin',`user_pass`='###967020a51470d7a821b5f66d14826204',`user_nicename`='admin',`user_email`='459947807@qq.com',`user_url`='',`avatar`=NULL,`sex`='0',`birthday`='2000-01-01',`signature`=NULL,`last_login_ip`='127.0.0.1',`last_login_time`='2017-07-06 09:26:27',`create_time`='2017-06-06 01:42:41',`user_activation_key`='',`user_status`='1',`score`='0',`user_type`='1',`coin`='0',`mobile`='' WHERE `id` = '1' [ RunTime:0.0010s ]

[ 2017-07-06T09:26:37+08:00 ] 127.0.0.1 /index.php?g=Admin&m=Menu&a=index
NOTIC: D方法实例化没找到模型类Common\Model\AuthRuleModel

[ 2017-07-06T09:26:38+08:00 ] 127.0.0.1 /index.php?g=Admin&m=menu&a=add
NOTIC: D方法实例化没找到模型类Common\Model\AuthRuleModel

[ 2017-07-06T09:27:18+08:00 ] 127.0.0.1 /index.php?g=Admin&m=Menu&a=add_post
INFO: [ app_begin ] --START--
INFO: Run Behavior\ReadHtmlCacheBehavior [ RunTime:0.001000s ]
INFO: Run Behavior\CheckLangBehavior [ RunTime:0.001001s ]
INFO: Run Common\Behavior\UrldecodeGetBehavior [ RunTime:0.000000s ]
INFO: [ app_begin ] --END-- [ RunTime:0.003001s ]
INFO: [ admin_begin ] --START--
INFO: Run Common\Behavior\AdminDefaultLangBehavior [ RunTime:0.002000s ]
INFO: [ admin_begin ] --END-- [ RunTime:0.002000s ]
SQL: SHOW COLUMNS FROM `cmf_users` [ RunTime:0.0010s ]
SQL: SELECT * FROM `cmf_users` WHERE `id` = '1' LIMIT 1   [ RunTime:0.0010s ]
SQL: SHOW COLUMNS FROM `cmf_menu` [ RunTime:0.0000s ]
NOTIC: D方法实例化没找到模型类Common\Model\AuthRuleModel
SQL: SHOW COLUMNS FROM `cmf_auth_rule` [ RunTime:0.0000s ]
NOTIC: [8] Undefined index: validate D:\www\activity\simplewind\Core\Library\Think\Model.class.php 第 1185 行.
SQL: SELECT * FROM `cmf_menu` WHERE `app` = 'Admin' AND `model` = 'FscContact' AND `action` = 'default' LIMIT 1   [ RunTime:0.0000s ]
SQL: SELECT `parentid` FROM `cmf_menu` WHERE `id` = 0 LIMIT 1   [ RunTime:0.0000s ]
NOTIC: [8] Undefined index: auto D:\www\activity\simplewind\Core\Library\Think\Model.class.php 第 1128 行.
SQL: INSERT INTO `cmf_menu` (`parentid`,`name`,`app`,`model`,`action`,`data`,`icon`,`remark`,`status`,`type`) VALUES ('0','金融服务','Admin','FscContact','default','','jpy','','1','1') [ RunTime:0.0080s ]
SQL: SELECT COUNT(*) AS tp_count FROM `cmf_auth_rule` WHERE `name` = 'admin/fsccontact/default' LIMIT 1   [ RunTime:0.0320s ]
SQL: INSERT INTO `cmf_auth_rule` (`name`,`module`,`type`,`title`) VALUES ('admin/fsccontact/default','Admin','admin_url','金融服务') [ RunTime:0.0010s ]
SQL: SELECT * FROM `cmf_menu` WHERE `app` = 'Admin' ORDER BY `listorder` ASC,`app` ASC,`model` ASC,`action` ASC  [ RunTime:0.0020s ]
NOTIC: [2] mkdir(): File exists D:\www\activity\application\Admin\Controller\MenuController.class.php 第 247 行.

[ 2017-07-06T09:27:18+08:00 ] 127.0.0.1 /index.php?g=Admin&m=Menu&a=index
NOTIC: D方法实例化没找到模型类Common\Model\AuthRuleModel

[ 2017-07-06T09:27:20+08:00 ] 127.0.0.1 /index.php?g=Admin&m=Menu&a=add&parentid=203&menuid=
NOTIC: D方法实例化没找到模型类Common\Model\AuthRuleModel

[ 2017-07-06T09:27:33+08:00 ] 127.0.0.1 /index.php?g=Admin&m=Menu&a=add_post
INFO: [ app_begin ] --START--
INFO: Run Behavior\ReadHtmlCacheBehavior [ RunTime:0.001000s ]
INFO: Run Behavior\CheckLangBehavior [ RunTime:0.002000s ]
INFO: Run Common\Behavior\UrldecodeGetBehavior [ RunTime:0.000000s ]
INFO: [ app_begin ] --END-- [ RunTime:0.003000s ]
INFO: [ admin_begin ] --START--
INFO: Run Common\Behavior\AdminDefaultLangBehavior [ RunTime:0.002000s ]
INFO: [ admin_begin ] --END-- [ RunTime:0.002000s ]
SQL: SHOW COLUMNS FROM `cmf_users` [ RunTime:0.0010s ]
SQL: SELECT * FROM `cmf_users` WHERE `id` = '1' LIMIT 1   [ RunTime:0.0010s ]
SQL: SHOW COLUMNS FROM `cmf_menu` [ RunTime:0.0010s ]
NOTIC: D方法实例化没找到模型类Common\Model\AuthRuleModel
SQL: SHOW COLUMNS FROM `cmf_auth_rule` [ RunTime:0.0010s ]
NOTIC: [8] Undefined index: validate D:\www\activity\simplewind\Core\Library\Think\Model.class.php 第 1185 行.
SQL: SELECT * FROM `cmf_menu` WHERE `app` = 'Admin' AND `model` = 'FscContact' AND `action` = 'index' LIMIT 1   [ RunTime:0.0000s ]
SQL: SELECT `parentid` FROM `cmf_menu` WHERE `id` = 203 LIMIT 1   [ RunTime:0.0000s ]
NOTIC: [8] Undefined index: auto D:\www\activity\simplewind\Core\Library\Think\Model.class.php 第 1128 行.
SQL: INSERT INTO `cmf_menu` (`parentid`,`name`,`app`,`model`,`action`,`data`,`icon`,`remark`,`status`,`type`) VALUES ('203','开户人','Admin','FscContact','index','','','','1','1') [ RunTime:0.0000s ]
SQL: SELECT COUNT(*) AS tp_count FROM `cmf_auth_rule` WHERE `name` = 'admin/fsccontact/index' LIMIT 1   [ RunTime:0.0000s ]
SQL: INSERT INTO `cmf_auth_rule` (`name`,`module`,`type`,`title`) VALUES ('admin/fsccontact/index','Admin','admin_url','开户人') [ RunTime:0.0000s ]
SQL: SELECT * FROM `cmf_menu` WHERE `app` = 'Admin' ORDER BY `listorder` ASC,`app` ASC,`model` ASC,`action` ASC  [ RunTime:0.0010s ]
NOTIC: [2] mkdir(): File exists D:\www\activity\application\Admin\Controller\MenuController.class.php 第 247 行.

[ 2017-07-06T09:27:33+08:00 ] 127.0.0.1 /index.php?g=Admin&m=Menu&a=index
NOTIC: D方法实例化没找到模型类Common\Model\AuthRuleModel

[ 2017-07-06T09:27:40+08:00 ] 127.0.0.1 /index.php?g=Admin&m=FscContact&a=deleteInfo
INFO: [ app_begin ] --START--
INFO: Run Behavior\ReadHtmlCacheBehavior [ RunTime:0.000000s ]
INFO: Run Behavior\CheckLangBehavior [ RunTime:0.002000s ]
INFO: Run Common\Behavior\UrldecodeGetBehavior [ RunTime:0.000000s ]
INFO: [ app_begin ] --END-- [ RunTime:0.002000s ]
INFO: [ admin_begin ] --START--
INFO: Run Common\Behavior\AdminDefaultLangBehavior [ RunTime:0.001000s ]
INFO: [ admin_begin ] --END-- [ RunTime:0.001000s ]
SQL: SHOW COLUMNS FROM `cmf_users` [ RunTime:0.0000s ]
SQL: SELECT * FROM `cmf_users` WHERE `id` = '1' LIMIT 1   [ RunTime:0.0000s ]
SQL: SHOW COLUMNS FROM `cmf_fsc_contact` [ RunTime:0.0000s ]
SQL: DELETE FROM `cmf_fsc_contact` WHERE `id` IN ('2') [ RunTime:0.0320s ]
NOTIC: [8] Undefined index: url D:\www\activity\application\Common\Controller\AppframeController.class.php 第 22 行.

[ 2017-07-06T16:37:53+08:00 ] 127.0.0.1 /index.php?g=Admin&m=public&a=dologin
INFO: [ app_begin ] --START--
INFO: Run Behavior\ReadHtmlCacheBehavior [ RunTime:0.001000s ]
INFO: Run Behavior\CheckLangBehavior [ RunTime:0.001000s ]
INFO: Run Common\Behavior\UrldecodeGetBehavior [ RunTime:0.001000s ]
INFO: [ app_begin ] --END-- [ RunTime:0.003000s ]
INFO: [ admin_begin ] --START--
INFO: Run Common\Behavior\AdminDefaultLangBehavior [ RunTime:0.001000s ]
INFO: [ admin_begin ] --END-- [ RunTime:0.001000s ]
SQL: SHOW COLUMNS FROM `cmf_users` [ RunTime:0.0010s ]
SQL: SELECT * FROM `cmf_users` WHERE `user_login` = 'admin' LIMIT 1   [ RunTime:0.0000s ]
SQL: SHOW COLUMNS FROM `cmf_role_user` [ RunTime:0.0020s ]
SQL: SELECT `role_id` FROM cmf_role_user a INNER JOIN cmf_role as b on a.role_id =b.id  WHERE `user_id` = '1' AND `status` = 1  [ RunTime:0.0010s ]
SQL: UPDATE `cmf_users` SET `user_login`='admin',`user_pass`='###967020a51470d7a821b5f66d14826204',`user_nicename`='admin',`user_email`='459947807@qq.com',`user_url`='',`avatar`=NULL,`sex`='0',`birthday`='2000-01-01',`signature`=NULL,`last_login_ip`='127.0.0.1',`last_login_time`='2017-07-06 16:37:53',`create_time`='2017-06-06 01:42:41',`user_activation_key`='',`user_status`='1',`score`='0',`user_type`='1',`coin`='0',`mobile`='' WHERE `id` = '1' [ RunTime:0.0000s ]

