[ 2017-06-28T17:22:28+08:00 ] 127.0.0.1 /index.php?g=Admin&m=WuweiArticle&a=update
INFO: [ app_begin ] --START--
INFO: Run Behavior\ReadHtmlCacheBehavior [ RunTime:0.001000s ]
INFO: Run Behavior\CheckLangBehavior [ RunTime:0.002000s ]
INFO: Run Common\Behavior\UrldecodeGetBehavior [ RunTime:0.000000s ]
INFO: [ app_begin ] --END-- [ RunTime:0.003000s ]
INFO: [ admin_begin ] --START--
INFO: Run Common\Behavior\AdminDefaultLangBehavior [ RunTime:0.002000s ]
INFO: [ admin_begin ] --END-- [ RunTime:0.002000s ]
SQL: SHOW COLUMNS FROM `cmf_users` [ RunTime:0.0010s ]
SQL: SELECT * FROM `cmf_users` WHERE `id` = '1' LIMIT 1   [ RunTime:0.0000s ]
SQL: SHOW COLUMNS FROM `cmf_wuwei_article` [ RunTime:0.0010s ]
SQL: SHOW COLUMNS FROM `cmf_wuwei_article` [ RunTime:0.0000s ]
SQL: UPDATE `cmf_wuwei_article` SET `id`='2',`img`='/data/upload/admin/20170628/59536e17b8421.jpg',`audio`='/data/upload/admin/20170628/59537550e80d9.mp3',`title`='ssfsf',`author`='2ads',`rec_num`='2',`view_num`='2',`detail`='<p>fsdfsdf<br/></p>' WHERE `id` = '2' [ RunTime:0.0000s ]
NOTIC: [8] Undefined index: url D:\www\activity\application\Common\Controller\AppframeController.class.php 第 22 行.

[ 2017-06-28T17:23:39+08:00 ] 127.0.0.1 /index.php?g=Admin&m=WuweiArticle&a=update
INFO: [ app_begin ] --START--
INFO: Run Behavior\ReadHtmlCacheBehavior [ RunTime:0.000000s ]
INFO: Run Behavior\CheckLangBehavior [ RunTime:0.001000s ]
INFO: Run Common\Behavior\UrldecodeGetBehavior [ RunTime:0.000000s ]
INFO: [ app_begin ] --END-- [ RunTime:0.004000s ]
INFO: [ admin_begin ] --START--
INFO: Run Common\Behavior\AdminDefaultLangBehavior [ RunTime:0.002000s ]
INFO: [ admin_begin ] --END-- [ RunTime:0.002000s ]
SQL: SHOW COLUMNS FROM `cmf_users` [ RunTime:0.0010s ]
SQL: SELECT * FROM `cmf_users` WHERE `id` = '1' LIMIT 1   [ RunTime:0.0000s ]
SQL: SHOW COLUMNS FROM `cmf_wuwei_article` [ RunTime:0.0000s ]
SQL: SHOW COLUMNS FROM `cmf_wuwei_article` [ RunTime:0.0010s ]
SQL: INSERT INTO `cmf_wuwei_article` (`img`,`audio`,`title`,`author`,`rec_num`,`view_num`,`detail`,`create_time`) VALUES ('/data/upload/admin/20170628/59537591b283a.jpg','/data/upload/admin/20170628/59537574f290f.mp3','fsadf','dsfad','22','22','<p>2222<br/></p>','2017-06-28 17:23:39') [ RunTime:0.0010s ]
NOTIC: [8] Undefined index: url D:\www\activity\application\Common\Controller\AppframeController.class.php 第 22 行.

[ 2017-06-28T17:29:31+08:00 ] 127.0.0.1 /index.php?g=Admin&m=Menu&a=index
NOTIC: D方法实例化没找到模型类Common\Model\AuthRuleModel

[ 2017-06-28T17:29:34+08:00 ] 127.0.0.1 /index.php?g=Admin&m=Menu&a=edit&id=199&menuid=
NOTIC: D方法实例化没找到模型类Common\Model\AuthRuleModel

