[ 2017-08-04T18:08:22+08:00 ] 127.0.0.1 /index.php?g=Admin&m=public&a=dologin
INFO: [ app_begin ] --START--
INFO: Run Behavior\ReadHtmlCacheBehavior [ RunTime:0.000000s ]
INFO: Run Behavior\CheckLangBehavior [ RunTime:0.001000s ]
INFO: Run Common\Behavior\UrldecodeGetBehavior [ RunTime:0.000000s ]
INFO: [ app_begin ] --END-- [ RunTime:0.004000s ]
INFO: [ admin_begin ] --START--
INFO: Run Common\Behavior\AdminDefaultLangBehavior [ RunTime:0.002000s ]
INFO: [ admin_begin ] --END-- [ RunTime:0.002000s ]
SQL: SHOW COLUMNS FROM `cmf_users` [ RunTime:0.0010s ]
SQL: SELECT * FROM `cmf_users` WHERE `user_login` = 'admin' LIMIT 1   [ RunTime:0.0010s ]
SQL: SHOW COLUMNS FROM `cmf_role_user` [ RunTime:0.0010s ]
SQL: SELECT `role_id` FROM cmf_role_user a INNER JOIN cmf_role as b on a.role_id =b.id  WHERE `user_id` = '1' AND `status` = 1  [ RunTime:0.0000s ]
SQL: UPDATE `cmf_users` SET `user_login`='admin',`user_pass`='###967020a51470d7a821b5f66d14826204',`user_nicename`='admin',`user_email`='459947807@qq.com',`user_url`='',`avatar`=NULL,`sex`='0',`birthday`='2000-01-01',`signature`=NULL,`last_login_ip`='127.0.0.1',`last_login_time`='2017-08-04 18:08:22',`create_time`='2017-06-06 01:42:41',`user_activation_key`='',`user_status`='1',`score`='0',`user_type`='1',`coin`='0',`mobile`='' WHERE `id` = '1' [ RunTime:0.0170s ]

[ 2017-08-04T18:08:39+08:00 ] 127.0.0.1 /index.php?g=Admin&m=Menu&a=index
NOTIC: D方法实例化没找到模型类Common\Model\AuthRuleModel

[ 2017-08-04T18:08:46+08:00 ] 127.0.0.1 /index.php?g=Admin&m=Menu&a=add&parentid=207&menuid=
NOTIC: D方法实例化没找到模型类Common\Model\AuthRuleModel

[ 2017-08-04T18:09:14+08:00 ] 127.0.0.1 /index.php?g=Admin&m=Menu&a=add_post
INFO: [ app_begin ] --START--
INFO: Run Behavior\ReadHtmlCacheBehavior [ RunTime:0.001000s ]
INFO: Run Behavior\CheckLangBehavior [ RunTime:0.001000s ]
INFO: Run Common\Behavior\UrldecodeGetBehavior [ RunTime:0.000000s ]
INFO: [ app_begin ] --END-- [ RunTime:0.004000s ]
INFO: [ admin_begin ] --START--
INFO: Run Common\Behavior\AdminDefaultLangBehavior [ RunTime:0.001000s ]
INFO: [ admin_begin ] --END-- [ RunTime:0.001000s ]
SQL: SHOW COLUMNS FROM `cmf_users` [ RunTime:0.0010s ]
SQL: SELECT * FROM `cmf_users` WHERE `id` = '1' LIMIT 1   [ RunTime:0.0000s ]
SQL: SHOW COLUMNS FROM `cmf_menu` [ RunTime:0.0010s ]
NOTIC: D方法实例化没找到模型类Common\Model\AuthRuleModel
SQL: SHOW COLUMNS FROM `cmf_auth_rule` [ RunTime:0.0010s ]
NOTIC: [8] Undefined index: validate D:\www\activity\simplewind\Core\Library\Think\Model.class.php 第 1185 行.
SQL: SELECT * FROM `cmf_menu` WHERE `app` = 'Admin' AND `model` = 'MiguSubscribe' AND `action` = 'index' LIMIT 1   [ RunTime:0.0010s ]
SQL: SELECT `parentid` FROM `cmf_menu` WHERE `id` = 207 LIMIT 1   [ RunTime:0.0010s ]
NOTIC: [8] Undefined index: auto D:\www\activity\simplewind\Core\Library\Think\Model.class.php 第 1128 行.
SQL: INSERT INTO `cmf_menu` (`parentid`,`name`,`app`,`model`,`action`,`data`,`icon`,`remark`,`status`,`type`) VALUES ('207','订阅列表','Admin','MiguSubscribe','index','','','','1','1') [ RunTime:0.0000s ]
SQL: SELECT COUNT(*) AS tp_count FROM `cmf_auth_rule` WHERE `name` = 'admin/migusubscribe/index' LIMIT 1   [ RunTime:0.0510s ]
SQL: INSERT INTO `cmf_auth_rule` (`name`,`module`,`type`,`title`) VALUES ('admin/migusubscribe/index','Admin','admin_url','订阅列表') [ RunTime:0.0000s ]
SQL: SELECT * FROM `cmf_menu` WHERE `app` = 'Admin' ORDER BY `listorder` ASC,`app` ASC,`model` ASC,`action` ASC  [ RunTime:0.0010s ]
NOTIC: [2] mkdir(): File exists D:\www\activity\application\Admin\Controller\MenuController.class.php 第 247 行.

[ 2017-08-04T18:09:14+08:00 ] 127.0.0.1 /index.php?g=Admin&m=Menu&a=index
NOTIC: D方法实例化没找到模型类Common\Model\AuthRuleModel

[ 2017-08-04T18:24:52+08:00 ] 127.0.0.1 /index.php?g=Admin&m=Menu&a=index
NOTIC: D方法实例化没找到模型类Common\Model\AuthRuleModel

[ 2017-08-04T18:25:12+08:00 ] 127.0.0.1 /index.php?g=Admin&m=Menu&a=delete&id=209&menuid=
INFO: [ app_begin ] --START--
INFO: Run Behavior\ReadHtmlCacheBehavior [ RunTime:0.001000s ]
INFO: Run Behavior\CheckLangBehavior [ RunTime:0.001000s ]
INFO: Run Common\Behavior\UrldecodeGetBehavior [ RunTime:0.000000s ]
INFO: [ app_begin ] --END-- [ RunTime:0.002000s ]
INFO: [ admin_begin ] --START--
INFO: Run Common\Behavior\AdminDefaultLangBehavior [ RunTime:0.002000s ]
INFO: [ admin_begin ] --END-- [ RunTime:0.002000s ]
SQL: SHOW COLUMNS FROM `cmf_users` [ RunTime:0.0000s ]
SQL: SELECT * FROM `cmf_users` WHERE `id` = '1' LIMIT 1   [ RunTime:0.0010s ]
SQL: SHOW COLUMNS FROM `cmf_menu` [ RunTime:0.0010s ]
NOTIC: D方法实例化没找到模型类Common\Model\AuthRuleModel
SQL: SHOW COLUMNS FROM `cmf_auth_rule` [ RunTime:0.0010s ]
SQL: SELECT COUNT(*) AS tp_count FROM `cmf_menu` WHERE `parentid` = 209 LIMIT 1   [ RunTime:0.0000s ]
SQL: DELETE FROM `cmf_menu` WHERE `id` = 209 [ RunTime:0.0110s ]

[ 2017-08-04T18:25:12+08:00 ] 127.0.0.1 /index.php?g=Admin&m=Menu&a=index
NOTIC: D方法实例化没找到模型类Common\Model\AuthRuleModel

[ 2017-08-04T18:32:44+08:00 ] 127.0.0.1 /index.php?g=Admin&m=MiguTicketSend&a=updateStatus
INFO: [ app_begin ] --START--
INFO: Run Behavior\ReadHtmlCacheBehavior [ RunTime:0.000000s ]
INFO: Run Behavior\CheckLangBehavior [ RunTime:0.001000s ]
INFO: Run Common\Behavior\UrldecodeGetBehavior [ RunTime:0.001000s ]
INFO: [ app_begin ] --END-- [ RunTime:0.004000s ]
INFO: [ admin_begin ] --START--
INFO: Run Common\Behavior\AdminDefaultLangBehavior [ RunTime:0.001001s ]
INFO: [ admin_begin ] --END-- [ RunTime:0.002001s ]
SQL: SHOW COLUMNS FROM `cmf_users` [ RunTime:0.0000s ]
SQL: SELECT * FROM `cmf_users` WHERE `id` = '1' LIMIT 1   [ RunTime:0.0000s ]
SQL: SHOW COLUMNS FROM `cmf_migu_ticket_send` [ RunTime:0.0000s ]
SQL: UPDATE `cmf_migu_ticket_send` SET `status`='2' WHERE `id` IN ('116') [ RunTime:0.0150s ]
NOTIC: [8] Undefined index: url D:\www\activity\application\Common\Controller\AppframeController.class.php 第 22 行.

[ 2017-08-04T18:32:51+08:00 ] 127.0.0.1 /index.php?g=Admin&m=MiguTicketSend&a=updateStatus
INFO: [ app_begin ] --START--
INFO: Run Behavior\ReadHtmlCacheBehavior [ RunTime:0.000000s ]
INFO: Run Behavior\CheckLangBehavior [ RunTime:0.001000s ]
INFO: Run Common\Behavior\UrldecodeGetBehavior [ RunTime:0.001000s ]
INFO: [ app_begin ] --END-- [ RunTime:0.003000s ]
INFO: [ admin_begin ] --START--
INFO: Run Common\Behavior\AdminDefaultLangBehavior [ RunTime:0.002000s ]
INFO: [ admin_begin ] --END-- [ RunTime:0.002000s ]
SQL: SHOW COLUMNS FROM `cmf_users` [ RunTime:0.0000s ]
SQL: SELECT * FROM `cmf_users` WHERE `id` = '1' LIMIT 1   [ RunTime:0.0000s ]
SQL: SHOW COLUMNS FROM `cmf_migu_ticket_send` [ RunTime:0.0000s ]
SQL: UPDATE `cmf_migu_ticket_send` SET `status`='1' WHERE `id` IN ('116') [ RunTime:0.0290s ]
NOTIC: [8] Undefined index: url D:\www\activity\application\Common\Controller\AppframeController.class.php 第 22 行.

[ 2017-08-04T18:33:19+08:00 ] 127.0.0.1 /index.php?g=Admin&m=MiguTicketSend&a=deleteInfo
INFO: [ app_begin ] --START--
INFO: Run Behavior\ReadHtmlCacheBehavior [ RunTime:0.001000s ]
INFO: Run Behavior\CheckLangBehavior [ RunTime:0.001000s ]
INFO: Run Common\Behavior\UrldecodeGetBehavior [ RunTime:0.000000s ]
INFO: [ app_begin ] --END-- [ RunTime:0.003000s ]
INFO: [ admin_begin ] --START--
INFO: Run Common\Behavior\AdminDefaultLangBehavior [ RunTime:0.001000s ]
INFO: [ admin_begin ] --END-- [ RunTime:0.002000s ]
SQL: SHOW COLUMNS FROM `cmf_users` [ RunTime:0.0010s ]
SQL: SELECT * FROM `cmf_users` WHERE `id` = '1' LIMIT 1   [ RunTime:0.0000s ]
SQL: SHOW COLUMNS FROM `cmf_migu_ticket_send` [ RunTime:0.0010s ]
SQL: DELETE FROM `cmf_migu_ticket_send` WHERE `id` IN ('116','117','118','119','120','113','114','115') [ RunTime:0.0320s ]
NOTIC: [8] Undefined index: url D:\www\activity\application\Common\Controller\AppframeController.class.php 第 22 行.

[ 2017-08-04T18:34:33+08:00 ] 127.0.0.1 /index.php?g=Admin&m=MiguTicket&a=update
INFO: [ app_begin ] --START--
INFO: Run Behavior\ReadHtmlCacheBehavior [ RunTime:0.001000s ]
INFO: Run Behavior\CheckLangBehavior [ RunTime:0.001000s ]
INFO: Run Common\Behavior\UrldecodeGetBehavior [ RunTime:0.000000s ]
INFO: [ app_begin ] --END-- [ RunTime:0.002000s ]
INFO: [ admin_begin ] --START--
INFO: Run Common\Behavior\AdminDefaultLangBehavior [ RunTime:0.001001s ]
INFO: [ admin_begin ] --END-- [ RunTime:0.001001s ]
SQL: SHOW COLUMNS FROM `cmf_users` [ RunTime:0.0010s ]
SQL: SELECT * FROM `cmf_users` WHERE `id` = '1' LIMIT 1   [ RunTime:0.0000s ]
SQL: SHOW COLUMNS FROM `cmf_migu_ticket` [ RunTime:0.0000s ]
SQL: SHOW COLUMNS FROM `cmf_migu_ticket` [ RunTime:0.0000s ]
SQL: UPDATE `cmf_migu_ticket` SET `id`='1',`type`='1',`img`='/data/upload/admin/20170724/5975a04325b08.jpg',`name`='十年赢家会员权益1',`price`='50',`code`='',`is_time_limit`='1',`start_time`='1485205200',`end_time`='1484755440' WHERE `id` = '1' [ RunTime:0.0000s ]
NOTIC: [8] Undefined index: url D:\www\activity\application\Common\Controller\AppframeController.class.php 第 22 行.

[ 2017-08-04T18:34:42+08:00 ] 127.0.0.1 /index.php?g=Admin&m=MiguTicket&a=update
INFO: [ app_begin ] --START--
INFO: Run Behavior\ReadHtmlCacheBehavior [ RunTime:0.001000s ]
INFO: Run Behavior\CheckLangBehavior [ RunTime:0.001000s ]
INFO: Run Common\Behavior\UrldecodeGetBehavior [ RunTime:0.000000s ]
INFO: [ app_begin ] --END-- [ RunTime:0.002000s ]
INFO: [ admin_begin ] --START--
INFO: Run Common\Behavior\AdminDefaultLangBehavior [ RunTime:0.001000s ]
INFO: [ admin_begin ] --END-- [ RunTime:0.001000s ]
SQL: SHOW COLUMNS FROM `cmf_users` [ RunTime:0.0010s ]
SQL: SELECT * FROM `cmf_users` WHERE `id` = '1' LIMIT 1   [ RunTime:0.0000s ]
SQL: SHOW COLUMNS FROM `cmf_migu_ticket` [ RunTime:0.0010s ]
SQL: SHOW COLUMNS FROM `cmf_migu_ticket` [ RunTime:0.0000s ]
ERR: 1366:Incorrect integer value: '' for column 'start_time' at row 1
 [ SQL语句 ] : UPDATE `cmf_migu_ticket` SET `id`='1',`type`='1',`img`='/data/upload/admin/20170724/5975a04325b08.jpg',`name`='十年赢家会员权益1',`price`='50',`code`='',`is_time_limit`='1',`start_time`='',`end_time`='' WHERE `id` = '1'
ERR: 1366:Incorrect integer value: '' for column 'start_time' at row 1
 [ SQL语句 ] : UPDATE `cmf_migu_ticket` SET `id`='1',`type`='1',`img`='/data/upload/admin/20170724/5975a04325b08.jpg',`name`='十年赢家会员权益1',`price`='50',`code`='',`is_time_limit`='1',`start_time`='',`end_time`='' WHERE `id` = '1'

[ 2017-08-04T18:34:53+08:00 ] 127.0.0.1 /index.php?g=Admin&m=MiguTicket&a=update
ERR: 1366:Incorrect integer value: '' for column 'start_time' at row 1
 [ SQL语句 ] : UPDATE `cmf_migu_ticket` SET `id`='1',`type`='1',`img`='/data/upload/admin/20170724/5975a04325b08.jpg',`name`='十年赢家会员权益1',`price`='50',`code`='',`is_time_limit`='1',`start_time`='',`end_time`='' WHERE `id` = '1'

[ 2017-08-04T18:37:07+08:00 ] 127.0.0.1 /index.php?g=Admin&m=MiguTicket&a=update
INFO: [ app_begin ] --START--
INFO: Run Behavior\ReadHtmlCacheBehavior [ RunTime:0.001000s ]
INFO: Run Behavior\CheckLangBehavior [ RunTime:0.001001s ]
INFO: Run Common\Behavior\UrldecodeGetBehavior [ RunTime:0.000000s ]
INFO: [ app_begin ] --END-- [ RunTime:0.003001s ]
INFO: [ admin_begin ] --START--
INFO: Run Common\Behavior\AdminDefaultLangBehavior [ RunTime:0.001000s ]
INFO: [ admin_begin ] --END-- [ RunTime:0.001000s ]
SQL: SHOW COLUMNS FROM `cmf_users` [ RunTime:0.0010s ]
SQL: SELECT * FROM `cmf_users` WHERE `id` = '1' LIMIT 1   [ RunTime:0.0000s ]
SQL: SHOW COLUMNS FROM `cmf_migu_ticket` [ RunTime:0.0010s ]
SQL: SHOW COLUMNS FROM `cmf_migu_ticket` [ RunTime:0.0000s ]
SQL: UPDATE `cmf_migu_ticket` SET `id`='1',`type`='1',`img`='/data/upload/admin/20170724/5975a04325b08.jpg',`name`='十年赢家会员权益1',`price`='50',`code`='',`is_time_limit`='1',`start_time`='0',`end_time`='0' WHERE `id` = '1' [ RunTime:0.0000s ]
NOTIC: [8] Undefined index: url D:\www\activity\application\Common\Controller\AppframeController.class.php 第 22 行.

[ 2017-08-04T18:38:35+08:00 ] 127.0.0.1 /index.php?g=Admin&m=MiguTicket&a=update
INFO: [ app_begin ] --START--
INFO: Run Behavior\ReadHtmlCacheBehavior [ RunTime:0.000000s ]
INFO: Run Behavior\CheckLangBehavior [ RunTime:0.001000s ]
INFO: Run Common\Behavior\UrldecodeGetBehavior [ RunTime:0.000000s ]
INFO: [ app_begin ] --END-- [ RunTime:0.003000s ]
INFO: [ admin_begin ] --START--
INFO: Run Common\Behavior\AdminDefaultLangBehavior [ RunTime:0.001000s ]
INFO: [ admin_begin ] --END-- [ RunTime:0.002000s ]
SQL: SHOW COLUMNS FROM `cmf_users` [ RunTime:0.0000s ]
SQL: SELECT * FROM `cmf_users` WHERE `id` = '1' LIMIT 1   [ RunTime:0.0010s ]
SQL: SHOW COLUMNS FROM `cmf_migu_ticket` [ RunTime:0.0010s ]
SQL: SHOW COLUMNS FROM `cmf_migu_ticket` [ RunTime:0.0000s ]
SQL: UPDATE `cmf_migu_ticket` SET `id`='2',`type`='2',`img`='/data/upload/admin/20170724/5975a04325b08.jpg',`name`='十年赢家会员权益2',`price`='0',`code`='',`is_time_limit`='1',`start_time`='0',`end_time`='0' WHERE `id` = '2' [ RunTime:0.0010s ]
NOTIC: [8] Undefined index: url D:\www\activity\application\Common\Controller\AppframeController.class.php 第 22 行.

